2017-10-30 16:55:03 [VigenereDecryptor|vigenere_ga_decryptor.py] INFO: Trying key length: 3
2017-10-30 16:55:03 [VigenereDecryptor|vigenere_ga_decryptor.py] INFO: Evolution started
2017-10-30 16:55:03 [VigenereDecryptor|vigenere_ga_decryptor.py] DEBUG: Generation number 1.
2017-10-30 16:55:03 [VigenereDecryptor|vigenere_ga_decryptor.py] DEBUG: Printing current population:
[0]: 'hix' (score: 0.021227207374645406)
[1]: 'rxk' (score: 0.0735658734002173)
[2]: 'pct' (score: 0.006074236558722374)
[3]: 'dko' (score: 0.06464506870134461)
[4]: 'vnc' (score: 0.07062032787169728)
[5]: 'fvy' (score: 0.05483300215108452)
[6]: 'zbz' (score: 0.03555949743410543)
[7]: 'zlv' (score: 0.13628902010172889)
[8]: 'cto' (score: 0.042840283188369785)
[9]: 'gxy' (score: 0.028131111911731337)
[10]: 'srk' (score: 0.6631906820078584)
[11]: 'iix' (score: 0.0304063770579725)
[12]: 'nbk' (score: 0.038305160438309886)
[13]: 'vur' (score: 0.02280109409551085)
[14]: 'xvb' (score: 0.01673110288294221)
[15]: 'vau' (score: 0.11708538905519265)
[16]: 'jeb' (score: 2.6774616106690625)
[17]: 'dyt' (score: 0.03606645292405051)
[18]: 'nhq' (score: 0.08222450068948116)
[19]: 'ixe' (score: 0.06587025213447217)
[20]: 'ncm' (score: 0.03247589798070097)
[21]: 'hvo' (score: 0.04225119201469456)
[22]: 'jcn' (score: 0.03947949980013592)
[23]: 'upa' (score: 0.04901225192617006)
[24]: 'vtp' (score: 0.020266815228996798)
[25]: 'lwf' (score: 0.015251763013467043)
[26]: 'ezy' (score: 0.03579685146372693)
[27]: 'ygw' (score: 0.041572162444093806)
[28]: 'oix' (score: 0.03220497221952264)
[29]: 'rmf' (score: 0.024561467226955187)
2017-10-30 16:55:04 [VigenereDecryptor|vigenere_ga_decryptor.py] DEBUG: Generation number 2.
2017-10-30 16:55:04 [VigenereDecryptor|vigenere_ga_decryptor.py] DEBUG: Printing current population:
[0]: 'rmf' (score: 0.024561467226955187)
[1]: 'jeb' (score: 2.6774616106690625)
[2]: 'nbk' (score: 0.038305160438309886)
[3]: 'neb' (score: 0.07149099864730062)
[4]: 'wek' (score: 0.08428590287777235)
[5]: 'srb' (score: 0.1265490201106594)
[6]: 'jeb' (score: 2.6774616106690625)
[7]: 'jeb' (score: 2.6774616106690625)
[8]: 'seb' (score: 0.03793652681480562)
[9]: 'jrk' (score: 0.10596759911001354)
[10]: 'zlw' (score: 0.05556392144260878)
[11]: 'srj' (score: 0.7234320546618054)
[12]: 'jev' (score: 0.14307897300708355)
[13]: 'jeb' (score: 2.6774616106690625)
[14]: 'rmb' (score: 0.006349958351627176)
[15]: 'jxk' (score: 1.4917865857403776)
[16]: 'nih' (score: 0.026019851952897383)
[17]: 'ibk' (score: 0.03741545560748089)
[18]: 'nub' (score: 0.04788271412680606)
[19]: 'fvy' (score: 0.05483300215108452)
[20]: 'zeu' (score: 0.16025471184074364)
[21]: 'vab' (score: 0.14468415934196818)
[22]: 'seb' (score: 0.03793652681480562)
[23]: 'jrk' (score: 0.10596759911001354)
[24]: 'vuv' (score: 0.8187835539681846)
[25]: 'zlr' (score: 0.07199757945387276)
[26]: 'jec' (score: 0.8363413216534308)
[27]: 'vnb' (score: 0.04838736959702427)
[28]: 'kqk' (score: 1.1940955599986496)
[29]: 'reb' (score: 0.03483825539074485)
2017-10-30 16:55:05 [VigenereDecryptor|vigenere_ga_decryptor.py] DEBUG: Generation number 3.
2017-10-30 16:55:05 [VigenereDecryptor|vigenere_ga_decryptor.py] DEBUG: Printing current population:
[0]: 'jqk' (score: 0.04360620201552658)
[1]: 'keb' (score: 0.07642252037892923)
[2]: 'jxj' (score: 0.08682629186098426)
[3]: 'jec' (score: 0.8363413216534308)
[4]: 'jey' (score: 0.10967173472941916)
[5]: 'jxk' (score: 1.4917865857403776)
[6]: 'jeb' (score: 2.6774616106690625)
[7]: 'jeb' (score: 2.6774616106690625)
[8]: 'kev' (score: 0.15225540285514225)
[9]: 'vub' (score: 0.020060943554710966)
[10]: 'ibk' (score: 0.03741545560748089)
[11]: 'jeb' (score: 2.6774616106690625)
[12]: 'hef' (score: 1.2584965753035635)
[13]: 'jeb' (score: 2.6774616106690625)
[14]: 'xsk' (score: 0.732929765747531)
[15]: 'jec' (score: 0.8363413216534308)
[16]: 'hgb' (score: 0.020850308959067372)
[17]: 'jeb' (score: 2.6774616106690625)
[18]: 'wgb' (score: 0.015447240294156128)
[19]: 'seb' (score: 0.03793652681480562)
[20]: 'jeb' (score: 2.6774616106690625)
[21]: 'jeb' (score: 2.6774616106690625)
[22]: 'jxj' (score: 0.08682629186098426)
[23]: 'srb' (score: 0.1265490201106594)
[24]: 'vcb' (score: 0.013090597541847417)
[25]: 'juv' (score: 0.07456044164751333)
[26]: 'heb' (score: 0.04372380749349252)
[27]: 'vmb' (score: 0.006591762152502064)
[28]: 'uuv' (score: 0.04534685181829364)
[29]: 'jeb' (score: 2.6774616106690625)
2017-10-30 16:55:06 [VigenereDecryptor|vigenere_ga_decryptor.py] DEBUG: Generation number 4.
2017-10-30 16:55:06 [VigenereDecryptor|vigenere_ga_decryptor.py] DEBUG: Printing current population:
[0]: 'jxf' (score: 0.700048609630814)
[1]: 'jeb' (score: 2.6774616106690625)
[2]: 'xeb' (score: 0.04939285379403658)
[3]: 'jsk' (score: 0.03639451272792507)
[4]: 'xrb' (score: 0.21499692728488978)
[5]: 'srk' (score: 0.6631906820078584)
[6]: 'ieo' (score: 0.0722971307453711)
[7]: 'jeb' (score: 2.6774616106690625)
[8]: 'jeb' (score: 2.6774616106690625)
[9]: 'jeb' (score: 2.6774616106690625)
[10]: 'jeb' (score: 2.6774616106690625)
[11]: 'jey' (score: 0.10967173472941916)
[12]: 'xsd' (score: 0.04260719787505968)
[13]: 'jek' (score: 0.5359538777646419)
[14]: 'kdr' (score: 0.7397459173858226)
[15]: 'jef' (score: 0.10748721127579229)
[16]: 'jeb' (score: 2.6774616106690625)
[17]: 'jeb' (score: 2.6774616106690625)
[18]: 'jeb' (score: 2.6774616106690625)
[19]: 'jeb' (score: 2.6774616106690625)
[20]: 'xef' (score: 0.09484140428427844)
[21]: 'jsk' (score: 0.03639451272792507)
[22]: 'krb' (score: 0.03175991700020461)
[23]: 'jeb' (score: 2.6774616106690625)
[24]: 'jeb' (score: 2.6774616106690625)
[25]: 'jeb' (score: 2.6774616106690625)
[26]: 'jec' (score: 0.8363413216534308)
[27]: 'jeb' (score: 2.6774616106690625)
[28]: 'jeb' (score: 2.6774616106690625)
[29]: 'jeb' (score: 2.6774616106690625)
2017-10-30 16:55:08 [VigenereDecryptor|vigenere_ga_decryptor.py] DEBUG: Generation number 5.
2017-10-30 16:55:08 [VigenereDecryptor|vigenere_ga_decryptor.py] DEBUG: Printing current population:
[0]: 'jra' (score: 0.05685260276668838)
[1]: 'jeb' (score: 2.6774616106690625)
[2]: 'iab' (score: 0.04317544908289953)
[3]: 'jeb' (score: 2.6774616106690625)
[4]: 'jeb' (score: 2.6774616106690625)
[5]: 'jeb' (score: 2.6774616106690625)
[6]: 'jek' (score: 0.5359538777646419)
[7]: 'jeb' (score: 2.6774616106690625)
[8]: 'jeb' (score: 2.6774616106690625)
[9]: 'jeb' (score: 2.6774616106690625)
[10]: 'jdf' (score: 0.07230165933256098)
[11]: 'jeb' (score: 2.6774616106690625)
[12]: 'jec' (score: 0.8363413216534308)
[13]: 'jej' (score: 0.7588288590301133)
[14]: 'jeb' (score: 2.6774616106690625)
[15]: 'jef' (score: 0.10748721127579229)
[16]: 'hdb' (score: 0.7535439123455436)
[17]: 'jeb' (score: 2.6774616106690625)
[18]: 'jeb' (score: 2.6774616106690625)
[19]: 'jeb' (score: 2.6774616106690625)
[20]: 'jeb' (score: 2.6774616106690625)
[21]: 'jeb' (score: 2.6774616106690625)
[22]: 'jrb' (score: 0.06229545792419208)
[23]: 'jeb' (score: 2.6774616106690625)
[24]: 'cmb' (score: 0.009576473173317541)
[25]: 'jeb' (score: 2.6774616106690625)
[26]: 'jeb' (score: 2.6774616106690625)
[27]: 'jeb' (score: 2.6774616106690625)
[28]: 'jeb' (score: 2.6774616106690625)
[29]: 'jeb' (score: 2.6774616106690625)
2017-10-30 16:55:09 [VigenereDecryptor|vigenere_ga_decryptor.py] DEBUG: Generation number 6.
2017-10-30 16:55:09 [VigenereDecryptor|vigenere_ga_decryptor.py] DEBUG: Printing current population:
[0]: 'jeb' (score: 2.6774616106690625)
[1]: 'jeb' (score: 2.6774616106690625)
[2]: 'wea' (score: 0.6239333423427798)
[3]: 'jeb' (score: 2.6774616106690625)
[4]: 'jfb' (score: 0.023000437074151156)
[5]: 'jeb' (score: 2.6774616106690625)
[6]: 'jeb' (score: 2.6774616106690625)
[7]: 'jek' (score: 0.5359538777646419)
[8]: 'jrc' (score: 0.0397283794412029)
[9]: 'jeb' (score: 2.6774616106690625)
[10]: 'jeb' (score: 2.6774616106690625)
[11]: 'jeb' (score: 2.6774616106690625)
[12]: 'ufb' (score: 0.02253542609993144)
[13]: 'jeb' (score: 2.6774616106690625)
[14]: 'heb' (score: 0.04372380749349252)
[15]: 'hdb' (score: 0.7535439123455436)
[16]: 'jeb' (score: 2.6774616106690625)
[17]: 'jeb' (score: 2.6774616106690625)
[18]: 'jxa' (score: 0.06061215251207507)
[19]: 'jeb' (score: 2.6774616106690625)
[20]: 'idb' (score: 0.04545697283079683)
[21]: 'jeb' (score: 2.6774616106690625)
[22]: 'wmc' (score: 1.093164266276851)
[23]: 'jeb' (score: 2.6774616106690625)
[24]: 'jec' (score: 0.8363413216534308)
[25]: 'jeb' (score: 2.6774616106690625)
[26]: 'jeb' (score: 2.6774616106690625)
[27]: 'jeb' (score: 2.6774616106690625)
[28]: 'jeb' (score: 2.6774616106690625)
[29]: 'jeb' (score: 2.6774616106690625)
2017-10-30 16:55:10 [VigenereDecryptor|vigenere_ga_decryptor.py] DEBUG: Generation number 7.
2017-10-30 16:55:10 [VigenereDecryptor|vigenere_ga_decryptor.py] DEBUG: Printing current population:
[0]: 'jeb' (score: 2.6774616106690625)
[1]: 'jeb' (score: 2.6774616106690625)
[2]: 'web' (score: 0.04488578991097922)
[3]: 'jeb' (score: 2.6774616106690625)
[4]: 'heb' (score: 0.04372380749349252)
[5]: 'jdb' (score: 0.10225404940340517)
[6]: 'jaa' (score: 0.03720601503191529)
[7]: 'jeb' (score: 2.6774616106690625)
[8]: 'jeb' (score: 2.6774616106690625)
[9]: 'jeb' (score: 2.6774616106690625)
[10]: 'jub' (score: 0.037151457393711784)
[11]: 'jek' (score: 0.5359538777646419)
[12]: 'jeh' (score: 1.4920230118715634)
[13]: 'jeb' (score: 2.6774616106690625)
[14]: 'jeb' (score: 2.6774616106690625)
[15]: 'jeb' (score: 2.6774616106690625)
[16]: 'jeb' (score: 2.6774616106690625)
[17]: 'jeb' (score: 2.6774616106690625)
[18]: 'jeb' (score: 2.6774616106690625)
[19]: 'jeb' (score: 2.6774616106690625)
[20]: 'jeb' (score: 2.6774616106690625)
[21]: 'jeb' (score: 2.6774616106690625)
[22]: 'jeb' (score: 2.6774616106690625)
[23]: 'jeb' (score: 2.6774616106690625)
[24]: 'jeb' (score: 2.6774616106690625)
[25]: 'jek' (score: 0.5359538777646419)
[26]: 'jek' (score: 0.5359538777646419)
[27]: 'jeb' (score: 2.6774616106690625)
[28]: 'hea' (score: 0.06019756291531133)
[29]: 'jeb' (score: 2.6774616106690625)
2017-10-30 16:55:11 [VigenereDecryptor|vigenere_ga_decryptor.py] DEBUG: Generation number 8.
2017-10-30 16:55:11 [VigenereDecryptor|vigenere_ga_decryptor.py] DEBUG: Printing current population:
[0]: 'jeb' (score: 2.6774616106690625)
[1]: 'jeb' (score: 2.6774616106690625)
[2]: 'jeb' (score: 2.6774616106690625)
[3]: 'jeb' (score: 2.6774616106690625)
[4]: 'jeb' (score: 2.6774616106690625)
[5]: 'jeb' (score: 2.6774616106690625)
[6]: 'jea' (score: 0.8432569250764604)
[7]: 'jeb' (score: 2.6774616106690625)
[8]: 'jcb' (score: 0.01717669171972207)
[9]: 'jeb' (score: 2.6774616106690625)
[10]: 'cef' (score: 0.07839332976992457)
[11]: 'jeb' (score: 2.6774616106690625)
[12]: 'ieo' (score: 0.0722971307453711)
[13]: 'jeb' (score: 2.6774616106690625)
[14]: 'jej' (score: 0.7588288590301133)
[15]: 'jec' (score: 0.8363413216534308)
[16]: 'jgu' (score: 0.054207673196253456)
[17]: 'jeb' (score: 2.6774616106690625)
[18]: 'jeb' (score: 2.6774616106690625)
[19]: 'jeb' (score: 2.6774616106690625)
[20]: 'jeb' (score: 2.6774616106690625)
[21]: 'jeb' (score: 2.6774616106690625)
[22]: 'jeb' (score: 2.6774616106690625)
[23]: 'jeb' (score: 2.6774616106690625)
[24]: 'jeb' (score: 2.6774616106690625)
[25]: 'jeb' (score: 2.6774616106690625)
[26]: 'jeb' (score: 2.6774616106690625)
[27]: 'jeb' (score: 2.6774616106690625)
[28]: 'jev' (score: 0.14307897300708355)
[29]: 'jeb' (score: 2.6774616106690625)
2017-10-30 16:55:13 [VigenereDecryptor|vigenere_ga_decryptor.py] DEBUG: Generation number 9.
2017-10-30 16:55:13 [VigenereDecryptor|vigenere_ga_decryptor.py] DEBUG: Printing current population:
[0]: 'nrb' (score: 0.09640164490692318)
[1]: 'jeb' (score: 2.6774616106690625)
[2]: 'ney' (score: 0.20771520601307952)
[3]: 'jeb' (score: 2.6774616106690625)
[4]: 'ieb' (score: 0.03548480381065133)
[5]: 'jeb' (score: 2.6774616106690625)
[6]: 'aeb' (score: 0.05296519867325083)
[7]: 'jeb' (score: 2.6774616106690625)
[8]: 'hub' (score: 0.01528393684827932)
[9]: 'jeb' (score: 2.6774616106690625)
[10]: 'jeb' (score: 2.6774616106690625)
[11]: 'jeb' (score: 2.6774616106690625)
[12]: 'bdb' (score: 0.7478398340148391)
[13]: 'jeb' (score: 2.6774616106690625)
[14]: 'jec' (score: 0.8363413216534308)
[15]: 'jeb' (score: 2.6774616106690625)
[16]: 'jeb' (score: 2.6774616106690625)
[17]: 'jeb' (score: 2.6774616106690625)
[18]: 'iey' (score: 0.07563570876424332)
[19]: 'jeb' (score: 2.6774616106690625)
[20]: 'jeb' (score: 2.6774616106690625)
[21]: 'jeb' (score: 2.6774616106690625)
[22]: 'aeb' (score: 0.05296519867325083)
[23]: 'jeb' (score: 2.6774616106690625)
[24]: 'keo' (score: 0.9384386871909631)
[25]: 'jeb' (score: 2.6774616106690625)
[26]: 'neo' (score: 0.13061446408487856)
[27]: 'jeb' (score: 2.6774616106690625)
[28]: 'key' (score: 6.130608325015829)
[29]: 'jeb' (score: 2.6774616106690625)
2017-10-30 16:55:13 [VigenereDecryptor|vigenere_ga_decryptor.py] INFO: Fittest member from all generations is: 'key' (score: 6.130608325015829, from generation: 9)
2017-10-30 16:55:13 [VigenereDecryptor|vigenere_ga_decryptor.py] INFO: Final key: member: key, fitness_score: 6.130608325015829, generation: 9, key_len: 3, reached_threshold: True.
2017-10-30 16:55:13 [VigenereDecryptor|vigenere_ga_decryptor.py] INFO: Final plaintext: Anyone who reads Middle English literary
