2017-11-01 01:47:19 [VigenereDecryptor|vigenere_ga_decryptor.py] INFO: Trying to decryption of text from file '/home/lsulak/PycharmProjects/VRS/ga-project/data/test_short1/encoded'
2017-11-01 01:47:19 [VigenereDecryptor|vigenere_ga_decryptor.py] INFO: Trying to decryption of text 'Krwyrc glm biynw Kshbvi Cxkjswf vmrovybc'
2017-11-01 01:47:19 [VigenereDecryptor|vigenere_ga_decryptor.py] INFO: Trying key length: 3
2017-11-01 01:47:19 [VigenereDecryptor|vigenere_ga_decryptor.py] INFO: Evolution started
2017-11-01 01:47:20 [VigenereDecryptor|vigenere_ga_decryptor.py] DEBUG: Generation number 1.
2017-11-01 01:47:20 [VigenereDecryptor|vigenere_ga_decryptor.py] DEBUG: Printing current population:
[0]: 'dai' (score: 0.07247700023826419)
[1]: 'sks' (score: 0.08023384621616886)
[2]: 'ohf' (score: 0.025772761963550186)
[3]: 'ajt' (score: 0.03450126542543062)
[4]: 'gdq' (score: 0.05362652275248737)
[5]: 'fqx' (score: 0.027688704165662843)
[6]: 'sjc' (score: 0.0640321893903144)
[7]: 'cck' (score: 0.029177393223124175)
[8]: 'zzv' (score: 0.01389583867551407)
[9]: 'snu' (score: 0.039990040130852486)
[10]: 'gdu' (score: 0.10210638332225676)
[11]: 'pkn' (score: 0.047140160079837484)
[12]: 'fjz' (score: 0.07112373062205218)
[13]: 'fuq' (score: 0.04544319415811344)
[14]: 'taf' (score: 0.029682462938181796)
[15]: 'kge' (score: 0.7123101936487779)
[16]: 'zsm' (score: 0.045902214594258944)
[17]: 'eqf' (score: 0.010596400890985827)
[18]: 'djd' (score: 0.028879127540729063)
[19]: 'ppm' (score: 0.027056228710861326)
[20]: 'ivd' (score: 0.027078042637705454)
[21]: 'tew' (score: 0.8722067353795465)
[22]: 'oti' (score: 0.11014934217397389)
[23]: 'rrk' (score: 0.09112595229514232)
[24]: 'ujb' (score: 0.04028976228480239)
[25]: 'fwj' (score: 0.0334304371995455)
[26]: 'zua' (score: 0.05936555684995998)
[27]: 'qmx' (score: 0.01815996037489484)
[28]: 'rno' (score: 0.032780757766016876)
[29]: 'nlw' (score: 0.11267946494008418)
[30]: 'krg' (score: 1.1792663687118057)
[31]: 'rjm' (score: 0.039104419612475676)
[32]: 'zld' (score: 0.6907742695320285)
[33]: 'tok' (score: 0.04240234333751897)
[34]: 'xuq' (score: 0.041060774966389255)
[35]: 'poj' (score: 0.04321380721053054)
[36]: 'oxn' (score: 0.027897590822716894)
[37]: 'jqv' (score: 0.027459424403285346)
[38]: 'eaz' (score: 0.03809627924087927)
[39]: 'qua' (score: 0.03923107011631741)
[40]: 'kfr' (score: 0.029184297020948484)
[41]: 'woj' (score: 0.0890878041349187)
[42]: 'lxu' (score: 0.07117896399422531)
[43]: 'sha' (score: 0.023615819582454012)
[44]: 'ndu' (score: 0.9635507614504556)
[45]: 'dah' (score: 0.039804810041422015)
[46]: 'lae' (score: 0.041541602798734936)
[47]: 'ida' (score: 0.05547241527279531)
[48]: 'gvc' (score: 0.03539757419772219)
[49]: 'gmy' (score: 0.04237105165386579)
[50]: 'kjz' (score: 0.037212737532465956)
[51]: 'hxn' (score: 0.03696117209180282)
[52]: 'jlu' (score: 0.11654486793761787)
[53]: 'wtk' (score: 0.07727473014400157)
[54]: 'qru' (score: 0.4288789627158328)
[55]: 'ljc' (score: 0.034372730092812935)
[56]: 'pvb' (score: 0.011704767724107279)
[57]: 'uhk' (score: 0.10314162690229786)
[58]: 'hqz' (score: 0.021895865377849558)
[59]: 'ahw' (score: 0.056567343977313535)
[60]: 'ddy' (score: 0.10080325318078204)
[61]: 'zhv' (score: 0.29974620990080064)
[62]: 'rzo' (score: 0.055538310960409225)
[63]: 'brk' (score: 0.10363515722416278)
[64]: 'htu' (score: 0.059449369827554076)
[65]: 'wzj' (score: 0.027285078045787493)
[66]: 'lbr' (score: 0.02270464733124731)
[67]: 'vyg' (score: 0.03366625860909607)
[68]: 'qne' (score: 0.06303085491051369)
[69]: 'jpq' (score: 0.04919543010547092)
[70]: 'aba' (score: 0.0190547725865192)
[71]: 'wfp' (score: 0.011916607190547067)
[72]: 'tmq' (score: 0.015827881643643668)
[73]: 'uka' (score: 0.030443858378723328)
[74]: 'xst' (score: 0.08072022641849466)
[75]: 'qdm' (score: 0.025686939721829838)
[76]: 'epc' (score: 0.017927783786136586)
[77]: 'giz' (score: 0.06337825393276314)
[78]: 'icc' (score: 0.018809569680801882)
[79]: 'ukk' (score: 0.08187910100133566)
[80]: 'fme' (score: 0.02918621912361045)
[81]: 'ajx' (score: 0.601494566397048)
[82]: 'huy' (score: 0.05420905117982129)
[83]: 'vmu' (score: 0.03053466456108275)
[84]: 'fhk' (score: 0.6736154434454804)
[85]: 'sov' (score: 0.06536368127840798)
[86]: 'twi' (score: 0.04676363630660907)
[87]: 'taf' (score: 0.029682462938181796)
[88]: 'qzp' (score: 0.07043389513301604)
[89]: 'nfb' (score: 0.024214630127809396)
[90]: 'sch' (score: 0.014751755110990604)
[91]: 'kwv' (score: 0.024291044362268005)
[92]: 'xcr' (score: 0.522109988207676)
[93]: 'tgs' (score: 0.05769728909551687)
[94]: 'phw' (score: 0.06915609528351115)
[95]: 'gsz' (score: 0.041767085626950515)
[96]: 'mtx' (score: 0.07007023621522326)
[97]: 'idv' (score: 0.035334812235944674)
[98]: 'tut' (score: 0.07484790669520842)
[99]: 'vcy' (score: 0.06914287971755631)
2017-11-01 01:47:35 [VigenereDecryptor|vigenere_ga_decryptor.py] DEBUG: Generation number 2.
2017-11-01 01:47:35 [VigenereDecryptor|vigenere_ga_decryptor.py] DEBUG: Printing current population:
[0]: 'jpa' (score: 0.03543820919836435)
[1]: 'idq' (score: 0.04252429910876146)
[2]: 'ndu' (score: 0.9635507614504556)
[3]: 'ndu' (score: 0.9635507614504556)
[4]: 'dqb' (score: 0.00885828795778379)
[5]: 'zua' (score: 0.05936555684995998)
[6]: 'qld' (score: 0.03323885826540076)
[7]: 'jjx' (score: 0.04840327747851313)
[8]: 'jde' (score: 0.6432262254990195)
[9]: 'ogu' (score: 0.0399400002763688)
[10]: 'lri' (score: 0.04123827008684493)
[11]: 'kxw' (score: 0.04147947187223283)
[12]: 'ffg' (score: 0.5967935040941551)
[13]: 'teu' (score: 0.10947466077315696)
[14]: 'cdq' (score: 0.05200241524320774)
[15]: 'dge' (score: 0.0365253545411766)
[16]: 'khn' (score: 0.09795565820346565)
[17]: 'zgf' (score: 0.024927478204397703)
[18]: 'xfo' (score: 0.06915107091129405)
[19]: 'wld' (score: 0.0214712759581355)
[20]: 'atp' (score: 0.016137440174781286)
[21]: 'hjd' (score: 0.061370337680501374)
[22]: 'bgp' (score: 0.05072446792147184)
[23]: 'hce' (score: 0.059749429150778466)
[24]: 'ois' (score: 0.06529756695933488)
[25]: 'dfk' (score: 0.0210543790903618)
[26]: 'cbb' (score: 0.01493106953909341)
[27]: 'wcy' (score: 0.05015957673803481)
[28]: 'hdy' (score: 0.12580588793544914)
[29]: 'fhk' (score: 0.6736154434454804)
[30]: 'kdd' (score: 0.049615997329296946)
[31]: 'irg' (score: 0.05803928170991681)
[32]: 'fbg' (score: 0.6117814732664477)
[33]: 'kzz' (score: 0.023497724551968274)
[34]: 'hmg' (score: 0.015257149072462664)
[35]: 'ksy' (score: 0.5398703825396464)
[36]: 'mug' (score: 0.06679890217625449)
[37]: 'kgu' (score: 0.08285566000975313)
[38]: 'qrw' (score: 0.10358915703466529)
[39]: 'krg' (score: 1.1792663687118057)
[40]: 'dbt' (score: 0.03001004545824757)
[41]: 'lih' (score: 0.0376233156773855)
[42]: 'fgd' (score: 0.027401743810684772)
[43]: 'khk' (score: 0.10801962623617765)
[44]: 'new' (score: 0.14202405195368287)
[45]: 'tlw' (score: 0.057198280326186915)
[46]: 'idw' (score: 0.021435475055465218)
[47]: 'tew' (score: 0.8722067353795465)
[48]: 'nfu' (score: 0.8209232796105319)
[49]: 'ukk' (score: 0.08187910100133566)
[50]: 'zpu' (score: 0.03904102792400583)
[51]: 'apq' (score: 0.03273761137540362)
[52]: 'qrq' (score: 0.09995166984785087)
[53]: 'kjg' (score: 0.029740744754589057)
[54]: 'nlu' (score: 0.11054804671011474)
[55]: 'tew' (score: 0.8722067353795465)
[56]: 'odw' (score: 0.04537849021412727)
[57]: 'kre' (score: 0.0656014337222064)
[58]: 'fhk' (score: 0.6736154434454804)
[59]: 'zhv' (score: 0.29974620990080064)
[60]: 'xav' (score: 0.05251516931021122)
[61]: 'kga' (score: 0.5320517833383259)
[62]: 'jls' (score: 0.056821945970703946)
[63]: 'brd' (score: 0.546096595724829)
[64]: 'vld' (score: 0.02888703982892192)
[65]: 'cut' (score: 0.12425267190592945)
[66]: 'rjw' (score: 0.6046376489208898)
[67]: 'kuv' (score: 0.050766976909086985)
[68]: 'poc' (score: 0.011793327645166416)
[69]: 'mtx' (score: 0.07007023621522326)
[70]: 'csu' (score: 0.05837979831145886)
[71]: 'ndg' (score: 0.1209563340610658)
[72]: 'krg' (score: 1.1792663687118057)
[73]: 'krg' (score: 1.1792663687118057)
[74]: 'emj' (score: 0.011730167866261718)
[75]: 'jrx' (score: 0.06158767973506707)
[76]: 'wpx' (score: 0.026358069197711657)
[77]: 'ajk' (score: 0.5805093283293843)
[78]: 'seu' (score: 0.06846759959084056)
[79]: 'tfw' (score: 0.038865941320612704)
[80]: 'qzp' (score: 0.07043389513301604)
[81]: 'wkj' (score: 0.049996161864871214)
[82]: 'kol' (score: 0.12288759293160001)
[83]: 'jre' (score: 1.2853189280060606)
[84]: 'koj' (score: 0.04234885798098835)
[85]: 'pge' (score: 0.60606029275247)
[86]: 'ahg' (score: 0.5487793579027802)
[87]: 'idq' (score: 0.04252429910876146)
[88]: 'ndu' (score: 0.9635507614504556)
[89]: 'ndu' (score: 0.9635507614504556)
[90]: 'siy' (score: 0.07195583701312706)
[91]: 'gnz' (score: 0.050046718760302915)
[92]: 'lpu' (score: 0.8219146461363958)
[93]: 'kge' (score: 0.7123101936487779)
[94]: 'nhe' (score: 0.09134849771943643)
[95]: 'fds' (score: 0.0969883078960378)
[96]: 'ndv' (score: 0.11464491772663458)
[97]: 'zld' (score: 0.6907742695320285)
[98]: 'brk' (score: 0.10363515722416278)
[99]: 'rrk' (score: 0.09112595229514232)
2017-11-01 01:47:50 [VigenereDecryptor|vigenere_ga_decryptor.py] DEBUG: Generation number 3.
2017-11-01 01:47:50 [VigenereDecryptor|vigenere_ga_decryptor.py] DEBUG: Printing current population:
[0]: 'kom' (score: 0.034201100483514546)
[1]: 'kge' (score: 0.7123101936487779)
[2]: 'jrw' (score: 0.07000173566521489)
[3]: 'lpe' (score: 0.059955428175076174)
[4]: 'gqg' (score: 0.028966181238580847)
[5]: 'ffs' (score: 0.06462769934351066)
[6]: 'org' (score: 0.06093451005264319)
[7]: 'fbg' (score: 0.6117814732664477)
[8]: 'blf' (score: 0.03476998171727835)
[9]: 'krc' (score: 0.03520661058767542)
[10]: 'zww' (score: 0.027047416310091804)
[11]: 'rjw' (score: 0.6046376489208898)
[12]: 'zev' (score: 0.09974719304218756)
[13]: 'ide' (score: 0.03621228978898539)
[14]: 'tev' (score: 0.11375673606603666)
[15]: 'nfu' (score: 0.8209232796105319)
[16]: 'nnq' (score: 0.10522044721935557)
[17]: 'ndu' (score: 0.9635507614504556)
[18]: 'apk' (score: 0.03489185840645574)
[19]: 'lju' (score: 0.025381101092257382)
[20]: 'abb' (score: 0.009724332227767014)
[21]: 'ndt' (score: 0.8783675343395625)
[22]: 'nut' (score: 0.10968495836254387)
[23]: 'fdk' (score: 0.11469869652322481)
[24]: 'kbg' (score: 0.049590421988925465)
[25]: 'nfu' (score: 0.8209232796105319)
[26]: 'bct' (score: 0.01839022630820856)
[27]: 'jve' (score: 0.03901784659326375)
[28]: 'gom' (score: 0.0284153965576505)
[29]: 'kgd' (score: 1.3374605773367048)
[30]: 'qro' (score: 0.05525585654117565)
[31]: 'bew' (score: 0.11722980858598714)
[32]: 'ndu' (score: 0.9635507614504556)
[33]: 'ffg' (score: 0.5967935040941551)
[34]: 'jds' (score: 0.09139212512889218)
[35]: 'tmw' (score: 0.6833081550553424)
[36]: 'owu' (score: 0.0557689806966846)
[37]: 'ndu' (score: 0.9635507614504556)
[38]: 'kdv' (score: 0.09689105609583192)
[39]: 'lpu' (score: 0.8219146461363958)
[40]: 'jfe' (score: 0.05840727227319955)
[41]: 'jre' (score: 1.2853189280060606)
[42]: 'qju' (score: 0.5240207934991237)
[43]: 'ksx' (score: 0.024261951803100028)
[44]: 'zqu' (score: 0.020901152126822146)
[45]: 'fhk' (score: 0.6736154434454804)
[46]: 'ibd' (score: 0.03967136059395451)
[47]: 'btq' (score: 0.04878907043749142)
[48]: 'urq' (score: 0.07802881188843211)
[49]: 'qbk' (score: 0.04273810755013634)
[50]: 'org' (score: 0.06093451005264319)
[51]: 'kdu' (score: 0.19151508894337357)
[52]: 'ddw' (score: 0.053671870251125325)
[53]: 'nre' (score: 0.7351271038829829)
[54]: 'pef' (score: 0.06720136745854197)
[55]: 'ndu' (score: 0.9635507614504556)
[56]: 'fik' (score: 0.03763177777238932)
[57]: 'jhx' (score: 0.5869542134691015)
[58]: 'erz' (score: 0.10090643643887263)
[59]: 'jbe' (score: 0.6490971973824414)
[60]: 'nge' (score: 0.7165252973127856)
[61]: 'pdu' (score: 0.14589649220280246)
[62]: 'krg' (score: 1.1792663687118057)
[63]: 'brd' (score: 0.546096595724829)
[64]: 'jru' (score: 1.3700948198033143)
[65]: 'lpe' (score: 0.059955428175076174)
[66]: 'yjj' (score: 0.09482746361984996)
[67]: 'odu' (score: 0.13475186560862987)
[68]: 'nut' (score: 0.10968495836254387)
[69]: 'rfw' (score: 0.01605073194943537)
[70]: 'xgu' (score: 0.04920275134753049)
[71]: 'rhv' (score: 0.17163909010820638)
[72]: 'jdu' (score: 0.9499734563787902)
[73]: 'nde' (score: 1.4145664624900849)
[74]: 'ush' (score: 0.02591620695013114)
[75]: 'kky' (score: 0.5468235467689933)
[76]: 'add' (score: 0.028424848828905724)
[77]: 'njk' (score: 0.5831906382583054)
[78]: 'qpq' (score: 0.03856509935311639)
[79]: 'lhg' (score: 0.08522549910278146)
[80]: 'bck' (score: 0.07470184206760017)
[81]: 'mdu' (score: 0.09964404201608316)
[82]: 'nga' (score: 0.6935416120178035)
[83]: 'kgw' (score: 0.03205171317989811)
[84]: 'njo' (score: 0.07815244130778097)
[85]: 'ajk' (score: 0.5805093283293843)
[86]: 'rjw' (score: 0.6046376489208898)
[87]: 'krg' (score: 1.1792663687118057)
[88]: 'lpu' (score: 0.8219146461363958)
[89]: 'ndu' (score: 0.9635507614504556)
[90]: 'ndu' (score: 0.9635507614504556)
[91]: 'ndu' (score: 0.9635507614504556)
[92]: 'kde' (score: 0.05894122082815836)
[93]: 'jrg' (score: 0.5634340238213691)
[94]: 'naw' (score: 0.07135572211545009)
[95]: 'xfv' (score: 0.0358709571384629)
[96]: 'ajk' (score: 0.5805093283293843)
[97]: 'ajk' (score: 0.5805093283293843)
[98]: 'zbl' (score: 0.032892949660264584)
[99]: 'kcg' (score: 0.5166551123996149)
2017-11-01 01:48:05 [VigenereDecryptor|vigenere_ga_decryptor.py] DEBUG: Generation number 4.
2017-11-01 01:48:05 [VigenereDecryptor|vigenere_ga_decryptor.py] DEBUG: Printing current population:
[0]: 'ere' (score: 0.0875813019301201)
[1]: 'nfq' (score: 0.06383810431595363)
[2]: 'wfd' (score: 0.020503396369384173)
[3]: 'krg' (score: 1.1792663687118057)
[4]: 'ndt' (score: 0.8783675343395625)
[5]: 'nde' (score: 1.4145664624900849)
[6]: 'jse' (score: 0.6780964256701625)
[7]: 'kgd' (score: 1.3374605773367048)
[8]: 'nfu' (score: 0.8209232796105319)
[9]: 'ndu' (score: 0.9635507614504556)
[10]: 'rvw' (score: 0.03511397726089095)
[11]: 'nke' (score: 0.7079566079459289)
[12]: 'jbg' (score: 1.116711834114064)
[13]: 'ndu' (score: 0.9635507614504556)
[14]: 'nvt' (score: 0.07311440460952831)
[15]: 'jdg' (score: 0.0932408361754814)
[16]: 'ank' (score: 0.09022697803467905)
[17]: 'nju' (score: 0.7271858344433504)
[18]: 'nga' (score: 0.6935416120178035)
[19]: 'nga' (score: 0.6935416120178035)
[20]: 'kfe' (score: 0.08442047351786626)
[21]: 'jse' (score: 0.6780964256701625)
[22]: 'pce' (score: 0.014149424843290272)
[23]: 'jbu' (score: 0.0933457773541451)
[24]: 'krg' (score: 1.1792663687118057)
[25]: 'ajk' (score: 0.5805093283293843)
[26]: 'cfk' (score: 0.0309245992788531)
[27]: 'nka' (score: 0.07449528138156586)
[28]: 'hjd' (score: 0.061370337680501374)
[29]: 'brk' (score: 0.10363515722416278)
[30]: 'ndu' (score: 0.9635507614504556)
[31]: 'ndu' (score: 0.9635507614504556)
[32]: 'icg' (score: 0.026891230466422514)
[33]: 'nre' (score: 0.7351271038829829)
[34]: 'ngi' (score: 0.6941295653539601)
[35]: 'nde' (score: 1.4145664624900849)
[36]: 'nyu' (score: 0.10524499087854579)
[37]: 'kvg' (score: 0.5238685068102366)
[38]: 'jru' (score: 1.3700948198033143)
[39]: 'lpu' (score: 0.8219146461363958)
[40]: 'jtx' (score: 0.06088962734200921)
[41]: 'pbf' (score: 0.03670797804558743)
[42]: 'ndq' (score: 1.4994534483135176)
[43]: 'rjw' (score: 0.6046376489208898)
[44]: 'cly' (score: 0.055080413102785684)
[45]: 'jcu' (score: 0.030309815427323406)
[46]: 'fdd' (score: 1.3615698909819411)
[47]: 'nga' (score: 0.6935416120178035)
[48]: 'sbw' (score: 0.060651046233026626)
[49]: 'xmv' (score: 0.020118441080308396)
[50]: 'ndw' (score: 0.13193609736294154)
[51]: 'kre' (score: 0.0656014337222064)
[52]: 'nrw' (score: 0.5852869704653164)
[53]: 'kdu' (score: 0.19151508894337357)
[54]: 'jae' (score: 1.37258927037443)
[55]: 'ltu' (score: 0.05599285887343381)
[56]: 'add' (score: 0.028424848828905724)
[57]: 'nfu' (score: 0.8209232796105319)
[58]: 'nle' (score: 0.08085215645760803)
[59]: 'nbk' (score: 0.038305160438309886)
[60]: 'ffu' (score: 0.043039779362528445)
[61]: 'jhk' (score: 0.06829928696526377)
[62]: 'jrg' (score: 0.5634340238213691)
[63]: 'fbw' (score: 0.03902322898337696)
[64]: 'ndu' (score: 0.9635507614504556)
[65]: 'ndu' (score: 0.9635507614504556)
[66]: 'zev' (score: 0.09974719304218756)
[67]: 'nde' (score: 1.4145664624900849)
[68]: 'lpg' (score: 0.042783035194536745)
[69]: 'ffu' (score: 0.043039779362528445)
[70]: 'jrg' (score: 0.5634340238213691)
[71]: 'krg' (score: 1.1792663687118057)
[72]: 'ngu' (score: 0.04993613484404766)
[73]: 'kdg' (score: 1.1554824523496594)
[74]: 'jre' (score: 1.2853189280060606)
[75]: 'brd' (score: 0.546096595724829)
[76]: 'kbf' (score: 0.7017207269919606)
[77]: 'krg' (score: 1.1792663687118057)
[78]: 'akh' (score: 0.049662511426306635)
[79]: 'jrk' (score: 0.10596759911001354)
[80]: 'ndu' (score: 0.9635507614504556)
[81]: 'nge' (score: 0.7165252973127856)
[82]: 'wjt' (score: 0.058720998908659595)
[83]: 'pjw' (score: 0.03162200276624634)
[84]: 'nja' (score: 0.06380764336490401)
[85]: 'agk' (score: 0.05116309062733197)
[86]: 'jjf' (score: 0.17732409574312538)
[87]: 'bpx' (score: 0.054132390042019946)
[88]: 'ede' (score: 0.032055549070399286)
[89]: 'jru' (score: 1.3700948198033143)
[90]: 'gdu' (score: 0.10210638332225676)
[91]: 'lpu' (score: 0.8219146461363958)
[92]: 'jbe' (score: 0.6490971973824414)
[93]: 'nte' (score: 0.104696651839147)
[94]: 'jdt' (score: 0.8319069154865082)
[95]: 'nre' (score: 0.7351271038829829)
[96]: 'nqt' (score: 0.057104052979623565)
[97]: 'nfu' (score: 0.8209232796105319)
[98]: 'kqc' (score: 0.049876230071173026)
[99]: 'jge' (score: 0.11996363856333096)
2017-11-01 01:48:20 [VigenereDecryptor|vigenere_ga_decryptor.py] DEBUG: Generation number 5.
2017-11-01 01:48:20 [VigenereDecryptor|vigenere_ga_decryptor.py] DEBUG: Printing current population:
[0]: 'nfu' (score: 0.8209232796105319)
[1]: 'jpu' (score: 0.04596239311674941)
[2]: 'cju' (score: 0.04323641126399046)
[3]: 'nde' (score: 1.4145664624900849)
[4]: 'wdu' (score: 0.2592645862016801)
[5]: 'ndu' (score: 0.9635507614504556)
[6]: 'eke' (score: 0.0342547624951941)
[7]: 'nde' (score: 1.4145664624900849)
[8]: 'fdm' (score: 0.05146424157895472)
[9]: 'nru' (score: 0.18312061815318584)
[10]: 'net' (score: 0.16100385632226386)
[11]: 'ndq' (score: 1.4994534483135176)
[12]: 'nnu' (score: 0.11493239312300522)
[13]: 'ndq' (score: 1.4994534483135176)
[14]: 'noe' (score: 0.08431774845580524)
[15]: 'jdt' (score: 0.8319069154865082)
[16]: 'ibn' (score: 0.041613507193013745)
[17]: 'nge' (score: 0.7165252973127856)
[18]: 'crc' (score: 0.022893096287976897)
[19]: 'jae' (score: 1.37258927037443)
[20]: 'nkg' (score: 0.08407425020581769)
[21]: 'kve' (score: 0.045758776013025595)
[22]: 'nfe' (score: 0.057530643294947066)
[23]: 'jsu' (score: 1.2362433659497405)
[24]: 'nhg' (score: 0.08071278903630669)
[25]: 'kva' (score: 0.04233211552830725)
[26]: 'nhm' (score: 0.12683929848263212)
[27]: 'jdg' (score: 0.0932408361754814)
[28]: 'brd' (score: 0.546096595724829)
[29]: 'nfu' (score: 0.8209232796105319)
[30]: 'jrg' (score: 0.5634340238213691)
[31]: 'nga' (score: 0.6935416120178035)
[32]: 'jet' (score: 0.7528350091745448)
[33]: 'krg' (score: 1.1792663687118057)
[34]: 'nre' (score: 0.7351271038829829)
[35]: 'jde' (score: 0.6432262254990195)
[36]: 'gjg' (score: 0.01884968589481973)
[37]: 'jru' (score: 1.3700948198033143)
[38]: 'jbe' (score: 0.6490971973824414)
[39]: 'ngg' (score: 0.031826995958074845)
[40]: 'ndu' (score: 0.9635507614504556)
[41]: 'ndu' (score: 0.9635507614504556)
[42]: 'neu' (score: 0.13699634529484633)
[43]: 'jre' (score: 1.2853189280060606)
[44]: 'jbu' (score: 0.0933457773541451)
[45]: 'npu' (score: 0.07742636624720335)
[46]: 'ctg' (score: 0.02545754838521374)
[47]: 'nbe' (score: 0.056350861678167476)
[48]: 'nfe' (score: 0.057530643294947066)
[49]: 'kdg' (score: 1.1554824523496594)
[50]: 'hbe' (score: 0.03967736202649145)
[51]: 'kfe' (score: 0.08442047351786626)
[52]: 'ntu' (score: 0.13117771610423926)
[53]: 'nbw' (score: 0.08068654848192947)
[54]: 'krg' (score: 1.1792663687118057)
[55]: 'jrw' (score: 0.07000173566521489)
[56]: 'gde' (score: 0.041014824905679606)
[57]: 'nfu' (score: 0.8209232796105319)
[58]: 'bwz' (score: 0.027838767698174154)
[59]: 'nbg' (score: 0.8638226666487232)
[60]: 'ore' (score: 0.08930630210420934)
[61]: 'kfw' (score: 0.029486582912332603)
[62]: 'bkk' (score: 0.11175363525913615)
[63]: 'mre' (score: 0.08093223504323971)
[64]: 'jtg' (score: 0.06778771803570491)
[65]: 'nbe' (score: 0.056350861678167476)
[66]: 'jdg' (score: 0.0932408361754814)
[67]: 'ndu' (score: 0.9635507614504556)
[68]: 'drw' (score: 0.06312663785738017)
[69]: 'krg' (score: 1.1792663687118057)
[70]: 'vdd' (score: 1.1820819073053683)
[71]: 'jre' (score: 1.2853189280060606)
[72]: 'jfw' (score: 0.044440443750264555)
[73]: 'nde' (score: 1.4145664624900849)
[74]: 'xqg' (score: 0.0290551572689644)
[75]: 'krg' (score: 1.1792663687118057)
[76]: 'jfw' (score: 0.044440443750264555)
[77]: 'nru' (score: 0.18312061815318584)
[78]: 'jju' (score: 0.06025075752328633)
[79]: 'rrw' (score: 0.043262423194961645)
[80]: 'kde' (score: 0.05894122082815836)
[81]: 'ngd' (score: 0.02669515448319727)
[82]: 'gde' (score: 0.041014824905679606)
[83]: 'nku' (score: 0.6290188464732401)
[84]: 'krg' (score: 1.1792663687118057)
[85]: 'kgd' (score: 1.3374605773367048)
[86]: 'meu' (score: 0.09183724484437648)
[87]: 'kfd' (score: 0.03236162191722684)
[88]: 'xrf' (score: 0.06068734216408748)
[89]: 'krg' (score: 1.1792663687118057)
[90]: 'jlu' (score: 0.11654486793761787)
[91]: 'brk' (score: 0.10363515722416278)
[92]: 'nae' (score: 0.7338772233531026)
[93]: 'jdu' (score: 0.9499734563787902)
[94]: 'nfw' (score: 0.5982441634101083)
[95]: 'rls' (score: 0.07318537738327907)
[96]: 'nsa' (score: 0.052766249341999805)
[97]: 'ldu' (score: 0.19719584591266226)
[98]: 'krg' (score: 1.1792663687118057)
[99]: 'krg' (score: 1.1792663687118057)
2017-11-01 01:48:34 [VigenereDecryptor|vigenere_ga_decryptor.py] DEBUG: Generation number 6.
2017-11-01 01:48:34 [VigenereDecryptor|vigenere_ga_decryptor.py] DEBUG: Printing current population:
[0]: 'kqg' (score: 0.02811688007883479)
[1]: 'nfu' (score: 0.8209232796105319)
[2]: 'hbm' (score: 0.02756602513769138)
[3]: 'nae' (score: 0.7338772233531026)
[4]: 'jkd' (score: 0.080746126856832)
[5]: 'krg' (score: 1.1792663687118057)
[6]: 'jre' (score: 1.2853189280060606)
[7]: 'kru' (score: 0.0710761778457949)
[8]: 'nfe' (score: 0.057530643294947066)
[9]: 'nbe' (score: 0.056350861678167476)
[10]: 'nfg' (score: 0.6131225279955479)
[11]: 'nou' (score: 0.10679200160230633)
[12]: 'jdu' (score: 0.9499734563787902)
[13]: 'nsu' (score: 0.0982947061040313)
[14]: 'jgl' (score: 0.044369981949019206)
[15]: 'kre' (score: 0.0656014337222064)
[16]: 'lzw' (score: 0.6935277518965238)
[17]: 'nbe' (score: 0.056350861678167476)
[18]: 'jrg' (score: 0.5634340238213691)
[19]: 'kre' (score: 0.0656014337222064)
[20]: 'nrf' (score: 0.7575797171398009)
[21]: 'kfu' (score: 0.09695998143618793)
[22]: 'kyg' (score: 0.11257386268592519)
[23]: 'jbe' (score: 0.6490971973824414)
[24]: 'jrt' (score: 1.3000424977618126)
[25]: 'jdu' (score: 0.9499734563787902)
[26]: 'noo' (score: 0.8844013880600208)
[27]: 'jre' (score: 1.2853189280060606)
[28]: 'jqd' (score: 0.07177646970010462)
[29]: 'krg' (score: 1.1792663687118057)
[30]: 'oee' (score: 0.1999275004361426)
[31]: 'kfd' (score: 0.03236162191722684)
[32]: 'krg' (score: 1.1792663687118057)
[33]: 'ndq' (score: 1.4994534483135176)
[34]: 'udq' (score: 0.7044796170622498)
[35]: 'ndd' (score: 0.562816698872961)
[36]: 'lfw' (score: 0.0347211572766833)
[37]: 'kgd' (score: 1.3374605773367048)
[38]: 'ntq' (score: 0.07412857790123373)
[39]: 'jbu' (score: 0.0933457773541451)
[40]: 'xdg' (score: 0.04605717053934895)
[41]: 'krg' (score: 1.1792663687118057)
[42]: 'gnu' (score: 0.07065547657105223)
[43]: 'nde' (score: 1.4145664624900849)
[44]: 'jcr' (score: 0.03658098339078264)
[45]: 'ndq' (score: 1.4994534483135176)
[46]: 'nda' (score: 0.17964366280014435)
[47]: 'nge' (score: 0.7165252973127856)
[48]: 'jrw' (score: 0.07000173566521489)
[49]: 'jru' (score: 1.3700948198033143)
[50]: 'nbw' (score: 0.08068654848192947)
[51]: 'nfg' (score: 0.6131225279955479)
[52]: 'nfu' (score: 0.8209232796105319)
[53]: 'ndu' (score: 0.9635507614504556)
[54]: 'mby' (score: 0.03839124289301539)
[55]: 'ngg' (score: 0.031826995958074845)
[56]: 'jae' (score: 1.37258927037443)
[57]: 'nfw' (score: 0.5982441634101083)
[58]: 'nju' (score: 0.7271858344433504)
[59]: 'jje' (score: 1.1905730231557468)
[60]: 'mdc' (score: 0.1264891483882773)
[61]: 'nge' (score: 0.7165252973127856)
[62]: 'nma' (score: 0.03401334500297208)
[63]: 'nge' (score: 0.7165252973127856)
[64]: 'ede' (score: 0.032055549070399286)
[65]: 'jre' (score: 1.2853189280060606)
[66]: 'rpu' (score: 0.052982978321389894)
[67]: 'jfg' (score: 0.5998643338263323)
[68]: 'nrg' (score: 0.11046924165091747)
[69]: 'kdu' (score: 0.19151508894337357)
[70]: 'kdg' (score: 1.1554824523496594)
[71]: 'nru' (score: 0.18312061815318584)
[72]: 'kpu' (score: 0.09537199003157522)
[73]: 'ndg' (score: 0.1209563340610658)
[74]: 'nfe' (score: 0.057530643294947066)
[75]: 'ktg' (score: 0.03042916902814691)
[76]: 'vbg' (score: 0.03865139871167615)
[77]: 'ndd' (score: 0.562816698872961)
[78]: 'ndq' (score: 1.4994534483135176)
[79]: 'nde' (score: 1.4145664624900849)
[80]: 'jrg' (score: 0.5634340238213691)
[81]: 'kru' (score: 0.0710761778457949)
[82]: 'grw' (score: 0.05792407242428728)
[83]: 'kde' (score: 0.05894122082815836)
[84]: 'jzd' (score: 0.04230535141172527)
[85]: 'jre' (score: 1.2853189280060606)
[86]: 'nqg' (score: 0.6194798097902919)
[87]: 'kbg' (score: 0.049590421988925465)
[88]: 'nfa' (score: 0.03920830899668453)
[89]: 'ksg' (score: 0.033024317523652966)
[90]: 'kdz' (score: 0.2376560696857235)
[91]: 'vdd' (score: 1.1820819073053683)
[92]: 'ngd' (score: 0.02669515448319727)
[93]: 'vdd' (score: 1.1820819073053683)
[94]: 'kvs' (score: 0.05749187413426487)
[95]: 'kle' (score: 0.12346715506296001)
[96]: 'edg' (score: 0.056859156954780825)
[97]: 'krd' (score: 0.09479122606313417)
[98]: 'nfe' (score: 0.057530643294947066)
[99]: 'ktw' (score: 0.03484721365813193)
2017-11-01 01:48:49 [VigenereDecryptor|vigenere_ga_decryptor.py] DEBUG: Generation number 7.
2017-11-01 01:48:49 [VigenereDecryptor|vigenere_ga_decryptor.py] DEBUG: Printing current population:
[0]: 'nze' (score: 0.06573356086917005)
[1]: 'nfu' (score: 0.8209232796105319)
[2]: 'nfg' (score: 0.6131225279955479)
[3]: 'jrg' (score: 0.5634340238213691)
[4]: 'kae' (score: 0.1319102622235228)
[5]: 'jrg' (score: 0.5634340238213691)
[6]: 'cbu' (score: 0.06271046559567958)
[7]: 'jje' (score: 1.1905730231557468)
[8]: 'ngt' (score: 0.045476412976106766)
[9]: 'kju' (score: 0.07083522399188757)
[10]: 'nre' (score: 0.7351271038829829)
[11]: 'jje' (score: 1.1905730231557468)
[12]: 'nfa' (score: 0.03920830899668453)
[13]: 'jje' (score: 1.1905730231557468)
[14]: 'ked' (score: 0.8880571843529549)
[15]: 'vdg' (score: 0.0834217519726577)
[16]: 'jre' (score: 1.2853189280060606)
[17]: 'jre' (score: 1.2853189280060606)
[18]: 'jdu' (score: 0.9499734563787902)
[19]: 'vdd' (score: 1.1820819073053683)
[20]: 'jjt' (score: 0.165294622421485)
[21]: 'jre' (score: 1.2853189280060606)
[22]: 'jre' (score: 1.2853189280060606)
[23]: 'jrt' (score: 1.3000424977618126)
[24]: 'kde' (score: 0.05894122082815836)
[25]: 'nrg' (score: 0.11046924165091747)
[26]: 'nde' (score: 1.4145664624900849)
[27]: 'ndq' (score: 1.4994534483135176)
[28]: 'jae' (score: 1.37258927037443)
[29]: 'ndd' (score: 0.562816698872961)
[30]: 'nfq' (score: 0.06383810431595363)
[31]: 'ndg' (score: 0.1209563340610658)
[32]: 'jge' (score: 0.11996363856333096)
[33]: 'nre' (score: 0.7351271038829829)
[34]: 'ore' (score: 0.08930630210420934)
[35]: 'jet' (score: 0.7528350091745448)
[36]: 'idt' (score: 0.7431027311317194)
[37]: 'mbi' (score: 0.03953761111260061)
[38]: 'mqq' (score: 0.019327352176251547)
[39]: 'nrf' (score: 0.7575797171398009)
[40]: 'nbe' (score: 0.056350861678167476)
[41]: 'jge' (score: 0.11996363856333096)
[42]: 'jdu' (score: 0.9499734563787902)
[43]: 'kdz' (score: 0.2376560696857235)
[44]: 'nrz' (score: 0.10265914308707778)
[45]: 'kde' (score: 0.05894122082815836)
[46]: 'npg' (score: 0.03403002509092626)
[47]: 'sdd' (score: 0.022486849174599907)
[48]: 'ndu' (score: 0.9635507614504556)
[49]: 'ndq' (score: 1.4994534483135176)
[50]: 'odg' (score: 0.5543878788471828)
[51]: 'joo' (score: 0.7094122893883634)
[52]: 'mdj' (score: 0.10671777695111449)
[53]: 'ndq' (score: 1.4994534483135176)
[54]: 'jje' (score: 1.1905730231557468)
[55]: 'jdu' (score: 0.9499734563787902)
[56]: 'nee' (score: 0.9146038680340205)
[57]: 'nfe' (score: 0.057530643294947066)
[58]: 'ndd' (score: 0.562816698872961)
[59]: 'ndd' (score: 0.562816698872961)
[60]: 'kdg' (score: 1.1554824523496594)
[61]: 'ndq' (score: 1.4994534483135176)
[62]: 'nfu' (score: 0.8209232796105319)
[63]: 'ndq' (score: 1.4994534483135176)
[64]: 'nfu' (score: 0.8209232796105319)
[65]: 'jdu' (score: 0.9499734563787902)
[66]: 'nrg' (score: 0.11046924165091747)
[67]: 'jfg' (score: 0.5998643338263323)
[68]: 'ide' (score: 0.03621228978898539)
[69]: 'nag' (score: 0.04895143274851667)
[70]: 'ktt' (score: 0.07456575606141659)
[71]: 'jbu' (score: 0.0933457773541451)
[72]: 'nae' (score: 0.7338772233531026)
[73]: 'ked' (score: 0.8880571843529549)
[74]: 'mdu' (score: 0.09964404201608316)
[75]: 'jrd' (score: 0.09614090773046396)
[76]: 'nee' (score: 0.9146038680340205)
[77]: 'ndu' (score: 0.9635507614504556)
[78]: 'jre' (score: 1.2853189280060606)
[79]: 'nde' (score: 1.4145664624900849)
[80]: 'krw' (score: 0.05978438712954387)
[81]: 'jrw' (score: 0.07000173566521489)
[82]: 'jog' (score: 0.8287177983369957)
[83]: 'krt' (score: 0.7013754379833834)
[84]: 'oue' (score: 0.051099743037418786)
[85]: 'kbe' (score: 0.0627020971030247)
[86]: 'nrd' (score: 0.10954732629172231)
[87]: 'kdb' (score: 0.11977791289827408)
[88]: 'nae' (score: 0.7338772233531026)
[89]: 'nde' (score: 1.4145664624900849)
[90]: 'ndq' (score: 1.4994534483135176)
[91]: 'ndd' (score: 0.562816698872961)
[92]: 'ufa' (score: 0.0172214827351348)
[93]: 'jru' (score: 1.3700948198033143)
[94]: 'nyu' (score: 0.10524499087854579)
[95]: 'jvg' (score: 0.05410212901601562)
[96]: 'nee' (score: 0.9146038680340205)
[97]: 'jde' (score: 0.6432262254990195)
[98]: 'hdd' (score: 0.03464481103429568)
[99]: 'nrg' (score: 0.11046924165091747)
2017-11-01 01:49:06 [VigenereDecryptor|vigenere_ga_decryptor.py] DEBUG: Generation number 8.
2017-11-01 01:49:06 [VigenereDecryptor|vigenere_ga_decryptor.py] DEBUG: Printing current population:
[0]: 'nqm' (score: 0.05296422292421602)
[1]: 'neq' (score: 0.6851182979140807)
[2]: 'nfu' (score: 0.8209232796105319)
[3]: 'nfa' (score: 0.03920830899668453)
[4]: 'nfh' (score: 0.05492755956616442)
[5]: 'jet' (score: 0.7528350091745448)
[6]: 'jdu' (score: 0.9499734563787902)
[7]: 'ndq' (score: 1.4994534483135176)
[8]: 'nqm' (score: 0.05296422292421602)
[9]: 'jje' (score: 1.1905730231557468)
[10]: 'ntj' (score: 0.08449474135952337)
[11]: 'ndq' (score: 1.4994534483135176)
[12]: 'jre' (score: 1.2853189280060606)
[13]: 'nde' (score: 1.4145664624900849)
[14]: 'jru' (score: 1.3700948198033143)
[15]: 'nrf' (score: 0.7575797171398009)
[16]: 'nfg' (score: 0.6131225279955479)
[17]: 'nfu' (score: 0.8209232796105319)
[18]: 'zax' (score: 0.05100128073326049)
[19]: 'jje' (score: 1.1905730231557468)
[20]: 'jrd' (score: 0.09614090773046396)
[21]: 'nae' (score: 0.7338772233531026)
[22]: 'jdw' (score: 0.06635391358831548)
[23]: 'kru' (score: 0.0710761778457949)
[24]: 'ndt' (score: 0.8783675343395625)
[25]: 'nee' (score: 0.9146038680340205)
[26]: 'jrt' (score: 1.3000424977618126)
[27]: 'krt' (score: 0.7013754379833834)
[28]: 'xdg' (score: 0.04605717053934895)
[29]: 'nde' (score: 1.4145664624900849)
[30]: 'ndu' (score: 0.9635507614504556)
[31]: 'ndq' (score: 1.4994534483135176)
[32]: 'kot' (score: 0.042879641114788265)
[33]: 'ntq' (score: 0.07412857790123373)
[34]: 'jae' (score: 1.37258927037443)
[35]: 'nre' (score: 0.7351271038829829)
[36]: 'ndq' (score: 1.4994534483135176)
[37]: 'ndq' (score: 1.4994534483135176)
[38]: 'nye' (score: 0.6446577073340062)
[39]: 'nae' (score: 0.7338772233531026)
[40]: 'nfq' (score: 0.06383810431595363)
[41]: 'jhe' (score: 0.6637192348564743)
[42]: 'nyq' (score: 0.07024840416848963)
[43]: 'nee' (score: 0.9146038680340205)
[44]: 'jdn' (score: 0.7319911893523207)
[45]: 'jfu' (score: 0.8169836577979913)
[46]: 'jeg' (score: 0.807246751667519)
[47]: 'ngl' (score: 0.03757179793966019)
[48]: 'jre' (score: 1.2853189280060606)
[49]: 'nae' (score: 0.7338772233531026)
[50]: 'nde' (score: 1.4145664624900849)
[51]: 'jru' (score: 1.3700948198033143)
[52]: 'nde' (score: 1.4145664624900849)
[53]: 'nre' (score: 0.7351271038829829)
[54]: 'hdq' (score: 0.7302699715786641)
[55]: 'odt' (score: 0.12775384475780913)
[56]: 'jre' (score: 1.2853189280060606)
[57]: 'nag' (score: 0.04895143274851667)
[58]: 'nee' (score: 0.9146038680340205)
[59]: 'jre' (score: 1.2853189280060606)
[60]: 'ict' (score: 0.015116253607176458)
[61]: 'jdu' (score: 0.9499734563787902)
[62]: 'jru' (score: 1.3700948198033143)
[63]: 'ndg' (score: 0.1209563340610658)
[64]: 'ndf' (score: 0.12054970722658852)
[65]: 'jde' (score: 0.6432262254990195)
[66]: 'nde' (score: 1.4145664624900849)
[67]: 'nee' (score: 0.9146038680340205)
[68]: 'jdd' (score: 0.048247878935262514)
[69]: 'kee' (score: 1.4984477975457295)
[70]: 'jme' (score: 0.6090110476913738)
[71]: 'jrw' (score: 0.07000173566521489)
[72]: 'jre' (score: 1.2853189280060606)
[73]: 'jre' (score: 1.2853189280060606)
[74]: 'nbg' (score: 0.8638226666487232)
[75]: 'ntg' (score: 0.057884205668416754)
[76]: 'nee' (score: 0.9146038680340205)
[77]: 'mej' (score: 0.04886033995754342)
[78]: 'jbd' (score: 0.6474394478099931)
[79]: 'jje' (score: 1.1905730231557468)
[80]: 'sbt' (score: 0.03255168927394284)
[81]: 'nte' (score: 0.104696651839147)
[82]: 'jee' (score: 0.7931124121292654)
[83]: 'ndq' (score: 1.4994534483135176)
[84]: 'nru' (score: 0.18312061815318584)
[85]: 'jdd' (score: 0.048247878935262514)
[86]: 'zqe' (score: 0.01819577218350789)
[87]: 'nse' (score: 0.1220660702178606)
[88]: 'vbt' (score: 0.06466099641850533)
[89]: 'ktq' (score: 0.05523648165196633)
[90]: 'jlq' (score: 0.055572895451311874)
[91]: 'jru' (score: 1.3700948198033143)
[92]: 'eby' (score: 0.04639200620879749)
[93]: 'kde' (score: 0.05894122082815836)
[94]: 'jad' (score: 0.6462939879344044)
[95]: 'kee' (score: 1.4984477975457295)
[96]: 'xje' (score: 0.05160695198054839)
[97]: 'jje' (score: 1.1905730231557468)
[98]: 'jnt' (score: 0.04428038638559504)
[99]: 'joo' (score: 0.7094122893883634)
2017-11-01 01:49:21 [VigenereDecryptor|vigenere_ga_decryptor.py] DEBUG: Generation number 9.
2017-11-01 01:49:21 [VigenereDecryptor|vigenere_ga_decryptor.py] DEBUG: Printing current population:
[0]: 'kqp' (score: 0.01838871704617375)
[1]: 'nee' (score: 0.9146038680340205)
[2]: 'jrg' (score: 0.5634340238213691)
[3]: 'ndu' (score: 0.9635507614504556)
[4]: 'jre' (score: 1.2853189280060606)
[5]: 'ndq' (score: 1.4994534483135176)
[6]: 'fda' (score: 0.10080156115130105)
[7]: 'jbt' (score: 0.7023207898308406)
[8]: 'jpq' (score: 0.04919543010547092)
[9]: 'nfu' (score: 0.8209232796105319)
[10]: 'jbe' (score: 0.6490971973824414)
[11]: 'jje' (score: 1.1905730231557468)
[12]: 'nae' (score: 0.7338772233531026)
[13]: 'nee' (score: 0.9146038680340205)
[14]: 'jjr' (score: 0.04806977155790637)
[15]: 'jdu' (score: 0.9499734563787902)
[16]: 'nde' (score: 1.4145664624900849)
[17]: 'ndq' (score: 1.4994534483135176)
[18]: 'nrm' (score: 0.09743842305734324)
[19]: 'krt' (score: 0.7013754379833834)
[20]: 'mdq' (score: 0.06816868077102818)
[21]: 'ndu' (score: 0.9635507614504556)
[22]: 'nee' (score: 0.9146038680340205)
[23]: 'jfu' (score: 0.8169836577979913)
[24]: 'npu' (score: 0.07742636624720335)
[25]: 'jfe' (score: 0.05840727227319955)
[26]: 'oqu' (score: 0.028017491209669104)
[27]: 'ndq' (score: 1.4994534483135176)
[28]: 'ndu' (score: 0.9635507614504556)
[29]: 'ndq' (score: 1.4994534483135176)
[30]: 'nvu' (score: 0.07605723648573563)
[31]: 'jrd' (score: 0.09614090773046396)
[32]: 'zru' (score: 0.12441387445367162)
[33]: 'jdg' (score: 0.0932408361754814)
[34]: 'nri' (score: 0.06237689360471394)
[35]: 'jdu' (score: 0.9499734563787902)
[36]: 'jqm' (score: 0.09717282055641333)
[37]: 'nru' (score: 0.18312061815318584)
[38]: 'idn' (score: 0.7019999934924682)
[39]: 'jae' (score: 1.37258927037443)
[40]: 'kfa' (score: 0.028693221860867077)
[41]: 'nee' (score: 0.9146038680340205)
[42]: 'ndq' (score: 1.4994534483135176)
[43]: 'ndu' (score: 0.9635507614504556)
[44]: 'jre' (score: 1.2853189280060606)
[45]: 'jje' (score: 1.1905730231557468)
[46]: 'gfg' (score: 0.03799072753268097)
[47]: 'jyn' (score: 0.04002445640148622)
[48]: 'jut' (score: 0.6648197195944066)
[49]: 'jbu' (score: 0.0933457773541451)
[50]: 'neg' (score: 0.08626539939723371)
[51]: 'jdq' (score: 0.06883179758680912)
[52]: 'nae' (score: 0.7338772233531026)
[53]: 'nde' (score: 1.4145664624900849)
[54]: 'cse' (score: 0.15818897384994474)
[55]: 'jre' (score: 1.2853189280060606)
[56]: 'ndd' (score: 0.562816698872961)
[57]: 'keu' (score: 5.199264997431606)
[58]: 'nee' (score: 0.9146038680340205)
[59]: 'jdu' (score: 0.9499734563787902)
[60]: 'nye' (score: 0.6446577073340062)
[61]: 'jje' (score: 1.1905730231557468)
[62]: 'jrt' (score: 1.3000424977618126)
[63]: 'jje' (score: 1.1905730231557468)
[64]: 'wdm' (score: 0.08269131463776604)
[65]: 'naf' (score: 0.05576163034851361)
[66]: 'naf' (score: 0.05576163034851361)
[67]: 'jdd' (score: 0.048247878935262514)
[68]: 'jdq' (score: 0.06883179758680912)
[69]: 'ndq' (score: 1.4994534483135176)
[70]: 'nde' (score: 1.4145664624900849)
[71]: 'nee' (score: 0.9146038680340205)
[72]: 'jce' (score: 0.04394870575300681)
[73]: 'jjd' (score: 0.05681491179571344)
[74]: 'yrd' (score: 0.6984410441016818)
[75]: 'jdq' (score: 0.06883179758680912)
[76]: 'nde' (score: 1.4145664624900849)
[77]: 'neu' (score: 0.13699634529484633)
[78]: 'wjg' (score: 0.02343997393384656)
[79]: 'nde' (score: 1.4145664624900849)
[80]: 'jje' (score: 1.1905730231557468)
[81]: 'jje' (score: 1.1905730231557468)
[82]: 'jht' (score: 0.11128125830007517)
[83]: 'jbt' (score: 0.7023207898308406)
[84]: 'led' (score: 0.0678090847471166)
[85]: 'nfq' (score: 0.06383810431595363)
[86]: 'nqr' (score: 0.8332340195350108)
[87]: 'jeq' (score: 0.10038799107771429)
[88]: 'jku' (score: 1.1963441544117197)
[89]: 'jre' (score: 1.2853189280060606)
[90]: 'ier' (score: 0.04252749930492026)
[91]: 'jjg' (score: 0.03060117993519413)
[92]: 'kdd' (score: 0.049615997329296946)
[93]: 'jeu' (score: 0.1112998074240576)
[94]: 'jre' (score: 1.2853189280060606)
[95]: 'nre' (score: 0.7351271038829829)
[96]: 'wje' (score: 0.04918553729372336)
[97]: 'nfu' (score: 0.8209232796105319)
[98]: 'nfu' (score: 0.8209232796105319)
[99]: 'ndq' (score: 1.4994534483135176)
2017-11-01 01:49:35 [VigenereDecryptor|vigenere_ga_decryptor.py] DEBUG: Generation number 10.
2017-11-01 01:49:35 [VigenereDecryptor|vigenere_ga_decryptor.py] DEBUG: Printing current population:
[0]: 'jre' (score: 1.2853189280060606)
[1]: 'jje' (score: 1.1905730231557468)
[2]: 'kee' (score: 1.4984477975457295)
[3]: 'neu' (score: 0.13699634529484633)
[4]: 'jde' (score: 0.6432262254990195)
[5]: 'njq' (score: 0.10859963576800222)
[6]: 'kqd' (score: 0.6818798324628909)
[7]: 'nfe' (score: 0.057530643294947066)
[8]: 'nda' (score: 0.17964366280014435)
[9]: 'jru' (score: 1.3700948198033143)
[10]: 'nde' (score: 1.4145664624900849)
[11]: 'nee' (score: 0.9146038680340205)
[12]: 'nde' (score: 1.4145664624900849)
[13]: 'nde' (score: 1.4145664624900849)
[14]: 'nff' (score: 0.03422995140782737)
[15]: 'jdu' (score: 0.9499734563787902)
[16]: 'adu' (score: 0.1340671397207651)
[17]: 'keu' (score: 5.199264997431606)
[18]: 'gku' (score: 0.07334769380423486)
[19]: 'jje' (score: 1.1905730231557468)
[20]: 'kwu' (score: 0.09944627547898804)
[21]: 'fde' (score: 0.1062941211337811)
[22]: 'jse' (score: 0.6780964256701625)
[23]: 'nru' (score: 0.18312061815318584)
[24]: 'jbe' (score: 0.6490971973824414)
[25]: 'jze' (score: 0.06615657470611211)
[26]: 'jbt' (score: 0.7023207898308406)
[27]: 'jbt' (score: 0.7023207898308406)
[28]: 'kdu' (score: 0.19151508894337357)
[29]: 'neu' (score: 0.13699634529484633)
[30]: 'jgr' (score: 0.07872260409222477)
[31]: 'jje' (score: 1.1905730231557468)
[32]: 'jbe' (score: 0.6490971973824414)
[33]: 'juu' (score: 0.07184168503118275)
[34]: 'jeu' (score: 0.1112998074240576)
[35]: 'kre' (score: 0.0656014337222064)
[36]: 'keu' (score: 5.199264997431606)
[37]: 'nfu' (score: 0.8209232796105319)
[38]: 'odd' (score: 0.6797654660080688)
[39]: 'ndd' (score: 0.562816698872961)
[40]: 'jku' (score: 1.1963441544117197)
[41]: 'jdq' (score: 0.06883179758680912)
[42]: 'nrx' (score: 0.09692036876173331)
[43]: 'jjg' (score: 0.03060117993519413)
[44]: 'nfe' (score: 0.057530643294947066)
[45]: 'jhe' (score: 0.6637192348564743)
[46]: 'nde' (score: 1.4145664624900849)
[47]: 'nae' (score: 0.7338772233531026)
[48]: 'ndu' (score: 0.9635507614504556)
[49]: 'ndq' (score: 1.4994534483135176)
[50]: 'jkx' (score: 0.061662690057267586)
[51]: 'jje' (score: 1.1905730231557468)
[52]: 'jja' (score: 0.5300268629876091)
[53]: 'ndu' (score: 0.9635507614504556)
[54]: 'gfu' (score: 0.04277480016968904)
[55]: 'jje' (score: 1.1905730231557468)
[56]: 'jqe' (score: 0.11681393661113126)
[57]: 'nbt' (score: 0.08234143657060068)
[58]: 'jxu' (score: 0.06541036066622713)
[59]: 'keq' (score: 0.9616801523748034)
[60]: 'bdm' (score: 0.07252125608167427)
[61]: 'jdu' (score: 0.9499734563787902)
[62]: 'nee' (score: 0.9146038680340205)
[63]: 'nee' (score: 0.9146038680340205)
[64]: 'kdq' (score: 0.08371537716727646)
[65]: 'nde' (score: 1.4145664624900849)
[66]: 'jje' (score: 1.1905730231557468)
[67]: 'ndu' (score: 0.9635507614504556)
[68]: 'jdu' (score: 0.9499734563787902)
[69]: 'nde' (score: 1.4145664624900849)
[70]: 'cke' (score: 0.08391057824741745)
[71]: 'kdu' (score: 0.19151508894337357)
[72]: 'jyf' (score: 0.044449758597247924)
[73]: 'nft' (score: 0.03729755471842648)
[74]: 'kaa' (score: 0.0851639697377983)
[75]: 'ndu' (score: 0.9635507614504556)
[76]: 'dew' (score: 1.300307895850988)
[77]: 'nee' (score: 0.9146038680340205)
[78]: 'nde' (score: 1.4145664624900849)
[79]: 'jje' (score: 1.1905730231557468)
[80]: 'yhd' (score: 0.06698508545879815)
[81]: 'jre' (score: 1.2853189280060606)
[82]: 'jrt' (score: 1.3000424977618126)
[83]: 'nri' (score: 0.06237689360471394)
[84]: 'mde' (score: 0.08911211588854684)
[85]: 'jje' (score: 1.1905730231557468)
[86]: 'ndu' (score: 0.9635507614504556)
[87]: 'jrt' (score: 1.3000424977618126)
[88]: 'jbe' (score: 0.6490971973824414)
[89]: 'nre' (score: 0.7351271038829829)
[90]: 'ncq' (score: 0.7013708624550757)
[91]: 'ndu' (score: 0.9635507614504556)
[92]: 'jdu' (score: 0.9499734563787902)
[93]: 'jbt' (score: 0.7023207898308406)
[94]: 'jye' (score: 0.7405833781081639)
[95]: 'njq' (score: 0.10859963576800222)
[96]: 'jee' (score: 0.7931124121292654)
[97]: 'nbt' (score: 0.08234143657060068)
[98]: 'nde' (score: 1.4145664624900849)
[99]: 'ndq' (score: 1.4994534483135176)
2017-11-01 01:49:51 [VigenereDecryptor|vigenere_ga_decryptor.py] DEBUG: Generation number 11.
2017-11-01 01:49:51 [VigenereDecryptor|vigenere_ga_decryptor.py] DEBUG: Printing current population:
[0]: 'ode' (score: 0.04873758021441301)
[1]: 'jdu' (score: 0.9499734563787902)
[2]: 'jds' (score: 0.09139212512889218)
[3]: 'dsw' (score: 0.048762848193622414)
[4]: 'cdu' (score: 0.8552014036393717)
[5]: 'nru' (score: 0.18312061815318584)
[6]: 'jju' (score: 0.06025075752328633)
[7]: 'ndu' (score: 0.9635507614504556)
[8]: 'mwu' (score: 0.05880348289223905)
[9]: 'nde' (score: 1.4145664624900849)
[10]: 'ndf' (score: 0.12054970722658852)
[11]: 'nfu' (score: 0.8209232796105319)
[12]: 'ntp' (score: 0.035993150553693294)
[13]: 'jje' (score: 1.1905730231557468)
[14]: 'kdu' (score: 0.19151508894337357)
[15]: 'ndd' (score: 0.562816698872961)
[16]: 'oea' (score: 0.0741473578821778)
[17]: 'jdu' (score: 0.9499734563787902)
[18]: 'nje' (score: 0.7218737000397702)
[19]: 'jdu' (score: 0.9499734563787902)
[20]: 'asq' (score: 0.04222051273838658)
[21]: 'jbu' (score: 0.0933457773541451)
[22]: 'ded' (score: 0.03961218456349529)
[23]: 'keu' (score: 5.199264997431606)
[24]: 'jbt' (score: 0.7023207898308406)
[25]: 'jdu' (score: 0.9499734563787902)
[26]: 'jdc' (score: 0.09931362166622358)
[27]: 'jbu' (score: 0.0933457773541451)
[28]: 'kee' (score: 1.4984477975457295)
[29]: 'jru' (score: 1.3700948198033143)
[30]: 'jje' (score: 1.1905730231557468)
[31]: 'nfu' (score: 0.8209232796105319)
[32]: 'nde' (score: 1.4145664624900849)
[33]: 'nde' (score: 1.4145664624900849)
[34]: 'jfe' (score: 0.05840727227319955)
[35]: 'nre' (score: 0.7351271038829829)
[36]: 'fle' (score: 0.07233800066270249)
[37]: 'nde' (score: 1.4145664624900849)
[38]: 'jws' (score: 0.1215612638183753)
[39]: 'jre' (score: 1.2853189280060606)
[40]: 'ner' (score: 0.0660395070609846)
[41]: 'nde' (score: 1.4145664624900849)
[42]: 'gdw' (score: 0.04440964861749973)
[43]: 'ndq' (score: 1.4994534483135176)
[44]: 'dde' (score: 0.0452033204331323)
[45]: 'mdw' (score: 0.09066270036340632)
[46]: 'jje' (score: 1.1905730231557468)
[47]: 'jde' (score: 0.6432262254990195)
[48]: 'kee' (score: 1.4984477975457295)
[49]: 'keu' (score: 5.199264997431606)
[50]: 'wre' (score: 0.1139172691380248)
[51]: 'nde' (score: 1.4145664624900849)
[52]: 'ndt' (score: 0.8783675343395625)
[53]: 'jfu' (score: 0.8169836577979913)
[54]: 'jjd' (score: 0.05681491179571344)
[55]: 'nde' (score: 1.4145664624900849)
[56]: 'kmu' (score: 0.05333264076979813)
[57]: 'jje' (score: 1.1905730231557468)
[58]: 'aqe' (score: 0.8294219926361739)
[59]: 'krd' (score: 0.09479122606313417)
[60]: 'ndu' (score: 0.9635507614504556)
[61]: 'nde' (score: 1.4145664624900849)
[62]: 'jee' (score: 0.7931124121292654)
[63]: 'nfu' (score: 0.8209232796105319)
[64]: 'jbt' (score: 0.7023207898308406)
[65]: 'kau' (score: 0.62075758264076)
[66]: 'ceu' (score: 0.8456025739529466)
[67]: 'kde' (score: 0.05894122082815836)
[68]: 'ndu' (score: 0.9635507614504556)
[69]: 'jee' (score: 0.7931124121292654)
[70]: 'ndd' (score: 0.562816698872961)
[71]: 'ode' (score: 0.04873758021441301)
[72]: 'ndq' (score: 1.4994534483135176)
[73]: 'nde' (score: 1.4145664624900849)
[74]: 'kee' (score: 1.4984477975457295)
[75]: 'neu' (score: 0.13699634529484633)
[76]: 'nde' (score: 1.4145664624900849)
[77]: 'ndu' (score: 0.9635507614504556)
[78]: 'njd' (score: 0.07481079404059772)
[79]: 'jee' (score: 0.7931124121292654)
[80]: 'jje' (score: 1.1905730231557468)
[81]: 'jde' (score: 0.6432262254990195)
[82]: 'nde' (score: 1.4145664624900849)
[83]: 'nde' (score: 1.4145664624900849)
[84]: 'ibe' (score: 0.0383087600139917)
[85]: 'ndu' (score: 0.9635507614504556)
[86]: 'keu' (score: 5.199264997431606)
[87]: 'neu' (score: 0.13699634529484633)
[88]: 'jbe' (score: 0.6490971973824414)
[89]: 'ntu' (score: 0.13117771610423926)
[90]: 'keu' (score: 5.199264997431606)
[91]: 'jje' (score: 1.1905730231557468)
[92]: 'kee' (score: 1.4984477975457295)
[93]: 'neu' (score: 0.13699634529484633)
[94]: 'kxd' (score: 1.5156077647425528)
[95]: 'juu' (score: 0.07184168503118275)
[96]: 'naa' (score: 0.06543030454756195)
[97]: 'jfu' (score: 0.8169836577979913)
[98]: 'not' (score: 0.6237419421431099)
[99]: 'jle' (score: 0.08372307445780008)
2017-11-01 01:50:06 [VigenereDecryptor|vigenere_ga_decryptor.py] DEBUG: Generation number 12.
2017-11-01 01:50:06 [VigenereDecryptor|vigenere_ga_decryptor.py] DEBUG: Printing current population:
[0]: 'nyw' (score: 0.06704513681346136)
[1]: 'keu' (score: 5.199264997431606)
[2]: 'kdu' (score: 0.19151508894337357)
[3]: 'neu' (score: 0.13699634529484633)
[4]: 'nwg' (score: 0.01941470236362148)
[5]: 'nde' (score: 1.4145664624900849)
[6]: 'odu' (score: 0.13475186560862987)
[7]: 'jeu' (score: 0.1112998074240576)
[8]: 'kdu' (score: 0.19151508894337357)
[9]: 'neu' (score: 0.13699634529484633)
[10]: 'kdu' (score: 0.19151508894337357)
[11]: 'cee' (score: 0.12029760709216496)
[12]: 'keu' (score: 5.199264997431606)
[13]: 'keu' (score: 5.199264997431606)
[14]: 'xdd' (score: 0.7006164513221778)
[15]: 'jee' (score: 0.7931124121292654)
[16]: 'kee' (score: 1.4984477975457295)
[17]: 'jru' (score: 1.3700948198033143)
[18]: 'kee' (score: 1.4984477975457295)
[19]: 'nde' (score: 1.4145664624900849)
[20]: 'kde' (score: 0.05894122082815836)
[21]: 'neu' (score: 0.13699634529484633)
[22]: 'klu' (score: 0.6632416479330865)
[23]: 'jeu' (score: 0.1112998074240576)
[24]: 'ncd' (score: 0.022917122404451058)
[25]: 'nde' (score: 1.4145664624900849)
[26]: 'nee' (score: 0.9146038680340205)
[27]: 'kdu' (score: 0.19151508894337357)
[28]: 'nfu' (score: 0.8209232796105319)
[29]: 'ndt' (score: 0.8783675343395625)
[30]: 'ket' (score: 0.1771299133607783)
[31]: 'jdd' (score: 0.048247878935262514)
[32]: 'nye' (score: 0.6446577073340062)
[33]: 'not' (score: 0.6237419421431099)
[34]: 'beu' (score: 0.14298884075416943)
[35]: 'jde' (score: 0.6432262254990195)
[36]: 'nde' (score: 1.4145664624900849)
[37]: 'jee' (score: 0.7931124121292654)
[38]: 'fdg' (score: 0.06180783571161683)
[39]: 'nde' (score: 1.4145664624900849)
[40]: 'jht' (score: 0.11128125830007517)
[41]: 'nre' (score: 0.7351271038829829)
[42]: 'iew' (score: 0.7116589998275122)
[43]: 'keu' (score: 5.199264997431606)
[44]: 'zss' (score: 0.04155295776899508)
[45]: 'ndu' (score: 0.9635507614504556)
[46]: 'nse' (score: 0.1220660702178606)
[47]: 'jhq' (score: 0.0837193454260599)
[48]: 'xwd' (score: 0.014258164367332472)
[49]: 'keu' (score: 5.199264997431606)
[50]: 'nde' (score: 1.4145664624900849)
[51]: 'nde' (score: 1.4145664624900849)
[52]: 'bre' (score: 0.8711467545755228)
[53]: 'iqe' (score: 0.03406962882670205)
[54]: 'ncu' (score: 0.06498885369788332)
[55]: 'jdu' (score: 0.9499734563787902)
[56]: 'nde' (score: 1.4145664624900849)
[57]: 'nde' (score: 1.4145664624900849)
[58]: 'ldw' (score: 0.0678898517568096)
[59]: 'kee' (score: 1.4984477975457295)
[60]: 'kbq' (score: 0.0805582893911084)
[61]: 'neu' (score: 0.13699634529484633)
[62]: 'ntu' (score: 0.13117771610423926)
[63]: 'kde' (score: 0.05894122082815836)
[64]: 'ndq' (score: 1.4994534483135176)
[65]: 'nde' (score: 1.4145664624900849)
[66]: 'gge' (score: 0.07212034760516338)
[67]: 'kde' (score: 0.05894122082815836)
[68]: 'fte' (score: 0.07237339328511216)
[69]: 'jje' (score: 1.1905730231557468)
[70]: 'kbd' (score: 0.06428027129131604)
[71]: 'kde' (score: 0.05894122082815836)
[72]: 'nee' (score: 0.9146038680340205)
[73]: 'ndu' (score: 0.9635507614504556)
[74]: 'keu' (score: 5.199264997431606)
[75]: 'ndq' (score: 1.4994534483135176)
[76]: 'jdq' (score: 0.06883179758680912)
[77]: 'nde' (score: 1.4145664624900849)
[78]: 'nfu' (score: 0.8209232796105319)
[79]: 'ndu' (score: 0.9635507614504556)
[80]: 'oee' (score: 0.1999275004361426)
[81]: 'jdu' (score: 0.9499734563787902)
[82]: 'ncu' (score: 0.06498885369788332)
[83]: 'cde' (score: 0.057258830653811925)
[84]: 'ndp' (score: 0.11535137851190645)
[85]: 'ndu' (score: 0.9635507614504556)
[86]: 'ndn' (score: 0.8461333426883676)
[87]: 'nde' (score: 1.4145664624900849)
[88]: 'jde' (score: 0.6432262254990195)
[89]: 'ned' (score: 0.08530429097967747)
[90]: 'oda' (score: 0.08192312076714363)
[91]: 'jee' (score: 0.7931124121292654)
[92]: 'kct' (score: 0.027641015908929603)
[93]: 'nye' (score: 0.6446577073340062)
[94]: 'kau' (score: 0.62075758264076)
[95]: 'keu' (score: 5.199264997431606)
[96]: 'jws' (score: 0.1215612638183753)
[97]: 'kee' (score: 1.4984477975457295)
[98]: 'kou' (score: 1.3328347258655184)
[99]: 'ket' (score: 0.1771299133607783)
2017-11-01 01:50:20 [VigenereDecryptor|vigenere_ga_decryptor.py] DEBUG: Generation number 13.
2017-11-01 01:50:20 [VigenereDecryptor|vigenere_ga_decryptor.py] DEBUG: Printing current population:
[0]: 'keu' (score: 5.199264997431606)
[1]: 'kou' (score: 1.3328347258655184)
[2]: 'buq' (score: 0.04356022917074109)
[3]: 'nbe' (score: 0.056350861678167476)
[4]: 'kee' (score: 1.4984477975457295)
[5]: 'keu' (score: 5.199264997431606)
[6]: 'kne' (score: 0.0421778031152453)
[7]: 'keu' (score: 5.199264997431606)
[8]: 'keu' (score: 5.199264997431606)
[9]: 'keu' (score: 5.199264997431606)
[10]: 'aqe' (score: 0.8294219926361739)
[11]: 'nde' (score: 1.4145664624900849)
[12]: 'nun' (score: 0.08519821767921168)
[13]: 'kfu' (score: 0.09695998143618793)
[14]: 'gee' (score: 0.07572514989543315)
[15]: 'kye' (score: 0.6023695154722865)
[16]: 'kad' (score: 0.057406473605428665)
[17]: 'kee' (score: 1.4984477975457295)
[18]: 'kdq' (score: 0.08371537716727646)
[19]: 'keu' (score: 5.199264997431606)
[20]: 'kdd' (score: 0.049615997329296946)
[21]: 'iew' (score: 0.7116589998275122)
[22]: 'keu' (score: 5.199264997431606)
[23]: 'jje' (score: 1.1905730231557468)
[24]: 'kex' (score: 0.07411203201412786)
[25]: 'ceu' (score: 0.8456025739529466)
[26]: 'odu' (score: 0.13475186560862987)
[27]: 'ndq' (score: 1.4994534483135176)
[28]: 'nee' (score: 0.9146038680340205)
[29]: 'kde' (score: 0.05894122082815836)
[30]: 'xbu' (score: 0.03164386843366461)
[31]: 'kad' (score: 0.057406473605428665)
[32]: 'kxn' (score: 0.05400890642288903)
[33]: 'ndu' (score: 0.9635507614504556)
[34]: 'ket' (score: 0.1771299133607783)
[35]: 'bre' (score: 0.8711467545755228)
[36]: 'nxu' (score: 0.13675989178362483)
[37]: 'nee' (score: 0.9146038680340205)
[38]: 'kdu' (score: 0.19151508894337357)
[39]: 'oee' (score: 0.1999275004361426)
[40]: 'keu' (score: 5.199264997431606)
[41]: 'nde' (score: 1.4145664624900849)
[42]: 'cle' (score: 0.07650305566280745)
[43]: 'jee' (score: 0.7931124121292654)
[44]: 'jrp' (score: 0.04913974568725559)
[45]: 'jdu' (score: 0.9499734563787902)
[46]: 'kde' (score: 0.05894122082815836)
[47]: 'jeu' (score: 0.1112998074240576)
[48]: 'jdu' (score: 0.9499734563787902)
[49]: 'nre' (score: 0.7351271038829829)
[50]: 'yed' (score: 0.09760033545816732)
[51]: 'hdu' (score: 0.16585209665805015)
[52]: 'nde' (score: 1.4145664624900849)
[53]: 'fdg' (score: 0.06180783571161683)
[54]: 'agu' (score: 0.03653284695560036)
[55]: 'keg' (score: 0.08664840051764952)
[56]: 'neu' (score: 0.13699634529484633)
[57]: 'kdu' (score: 0.19151508894337357)
[58]: 'odu' (score: 0.13475186560862987)
[59]: 'keu' (score: 5.199264997431606)
[60]: 'kcu' (score: 0.0942127377687608)
[61]: 'keu' (score: 5.199264997431606)
[62]: 'ode' (score: 0.04873758021441301)
[63]: 'jeu' (score: 0.1112998074240576)
[64]: 'kou' (score: 1.3328347258655184)
[65]: 'jdq' (score: 0.06883179758680912)
[66]: 'edd' (score: 0.019681739794728245)
[67]: 'keu' (score: 5.199264997431606)
[68]: 'kee' (score: 1.4984477975457295)
[69]: 'keu' (score: 5.199264997431606)
[70]: 'kdu' (score: 0.19151508894337357)
[71]: 'nee' (score: 0.9146038680340205)
[72]: 'oee' (score: 0.1999275004361426)
[73]: 'kdu' (score: 0.19151508894337357)
[74]: 'keu' (score: 5.199264997431606)
[75]: 'keu' (score: 5.199264997431606)
[76]: 'nde' (score: 1.4145664624900849)
[77]: 'ndu' (score: 0.9635507614504556)
[78]: 'keu' (score: 5.199264997431606)
[79]: 'keu' (score: 5.199264997431606)
[80]: 'jdu' (score: 0.9499734563787902)
[81]: 'neq' (score: 0.6851182979140807)
[82]: 'kmn' (score: 0.021477450931932505)
[83]: 'keu' (score: 5.199264997431606)
[84]: 'gge' (score: 0.07212034760516338)
[85]: 'kdq' (score: 0.08371537716727646)
[86]: 'kxu' (score: 0.13434293367922245)
[87]: 'nye' (score: 0.6446577073340062)
[88]: 'kmt' (score: 0.021659655950942127)
[89]: 'jee' (score: 0.7931124121292654)
[90]: 'wln' (score: 0.039739040017220575)
[91]: 'oeu' (score: 0.1446850944421738)
[92]: 'jdt' (score: 0.8319069154865082)
[93]: 'oee' (score: 0.1999275004361426)
[94]: 'few' (score: 0.11495246278610549)
[95]: 'kdu' (score: 0.19151508894337357)
[96]: 'kfe' (score: 0.08442047351786626)
[97]: 'jeu' (score: 0.1112998074240576)
[98]: 'nde' (score: 1.4145664624900849)
[99]: 'nfu' (score: 0.8209232796105319)
2017-11-01 01:50:35 [VigenereDecryptor|vigenere_ga_decryptor.py] DEBUG: Generation number 14.
2017-11-01 01:50:35 [VigenereDecryptor|vigenere_ga_decryptor.py] DEBUG: Printing current population:
[0]: 'ndt' (score: 0.8783675343395625)
[1]: 'keu' (score: 5.199264997431606)
[2]: 'keu' (score: 5.199264997431606)
[3]: 'keu' (score: 5.199264997431606)
[4]: 'nct' (score: 0.02162308156028601)
[5]: 'jde' (score: 0.6432262254990195)
[6]: 'kev' (score: 0.15225540285514225)
[7]: 'keu' (score: 5.199264997431606)
[8]: 'kdu' (score: 0.19151508894337357)
[9]: 'keu' (score: 5.199264997431606)
[10]: 'kxw' (score: 0.04147947187223283)
[11]: 'keu' (score: 5.199264997431606)
[12]: 'xeu' (score: 0.7053133820558994)
[13]: 'keu' (score: 5.199264997431606)
[14]: 'keu' (score: 5.199264997431606)
[15]: 'keu' (score: 5.199264997431606)
[16]: 'keu' (score: 5.199264997431606)
[17]: 'keu' (score: 5.199264997431606)
[18]: 'xet' (score: 0.07967550963883815)
[19]: 'keu' (score: 5.199264997431606)
[20]: 'kma' (score: 0.023213914684169452)
[21]: 'kee' (score: 1.4984477975457295)
[22]: 'meu' (score: 0.09183724484437648)
[23]: 'jje' (score: 1.1905730231557468)
[24]: 'bae' (score: 0.7513736629791565)
[25]: 'keu' (score: 5.199264997431606)
[26]: 'seu' (score: 0.06846759959084056)
[27]: 'kdu' (score: 0.19151508894337357)
[28]: 'keu' (score: 5.199264997431606)
[29]: 'nee' (score: 0.9146038680340205)
[30]: 'wuu' (score: 0.06579707676396501)
[31]: 'kdu' (score: 0.19151508894337357)
[32]: 'nxu' (score: 0.13675989178362483)
[33]: 'jee' (score: 0.7931124121292654)
[34]: 'keu' (score: 5.199264997431606)
[35]: 'keu' (score: 5.199264997431606)
[36]: 'keu' (score: 5.199264997431606)
[37]: 'keu' (score: 5.199264997431606)
[38]: 'kmh' (score: 1.1771099483022223)
[39]: 'nfu' (score: 0.8209232796105319)
[40]: 'jeu' (score: 0.1112998074240576)
[41]: 'ode' (score: 0.04873758021441301)
[42]: 'keu' (score: 5.199264997431606)
[43]: 'keu' (score: 5.199264997431606)
[44]: 'keu' (score: 5.199264997431606)
[45]: 'keu' (score: 5.199264997431606)
[46]: 'keu' (score: 5.199264997431606)
[47]: 'keu' (score: 5.199264997431606)
[48]: 'ken' (score: 0.13444753655775016)
[49]: 'jdu' (score: 0.9499734563787902)
[50]: 'heu' (score: 0.11768182544308195)
[51]: 'keu' (score: 5.199264997431606)
[52]: 'jru' (score: 1.3700948198033143)
[53]: 'kou' (score: 1.3328347258655184)
[54]: 'jde' (score: 0.6432262254990195)
[55]: 'nde' (score: 1.4145664624900849)
[56]: 'neu' (score: 0.13699634529484633)
[57]: 'keu' (score: 5.199264997431606)
[58]: 'beu' (score: 0.14298884075416943)
[59]: 'nfu' (score: 0.8209232796105319)
[60]: 'nue' (score: 0.12736601532788164)
[61]: 'nbe' (score: 0.056350861678167476)
[62]: 'kln' (score: 0.04098593028900599)
[63]: 'nee' (score: 0.9146038680340205)
[64]: 'jld' (score: 0.04055050522323017)
[65]: 'keu' (score: 5.199264997431606)
[66]: 'bjm' (score: 0.040710766082978356)
[67]: 'keu' (score: 5.199264997431606)
[68]: 'ndn' (score: 0.8461333426883676)
[69]: 'kbe' (score: 0.0627020971030247)
[70]: 'keu' (score: 5.199264997431606)
[71]: 'jee' (score: 0.7931124121292654)
[72]: 'deu' (score: 0.06534807614815066)
[73]: 'keu' (score: 5.199264997431606)
[74]: 'keu' (score: 5.199264997431606)
[75]: 'keu' (score: 5.199264997431606)
[76]: 'bru' (score: 0.12586378582745678)
[77]: 'keu' (score: 5.199264997431606)
[78]: 'keu' (score: 5.199264997431606)
[79]: 'keu' (score: 5.199264997431606)
[80]: 'keu' (score: 5.199264997431606)
[81]: 'keu' (score: 5.199264997431606)
[82]: 'nee' (score: 0.9146038680340205)
[83]: 'kdu' (score: 0.19151508894337357)
[84]: 'keg' (score: 0.08664840051764952)
[85]: 'keu' (score: 5.199264997431606)
[86]: 'keu' (score: 5.199264997431606)
[87]: 'kee' (score: 1.4984477975457295)
[88]: 'keu' (score: 5.199264997431606)
[89]: 'keu' (score: 5.199264997431606)
[90]: 'kgt' (score: 0.7206782604415705)
[91]: 'keu' (score: 5.199264997431606)
[92]: 'keu' (score: 5.199264997431606)
[93]: 'keu' (score: 5.199264997431606)
[94]: 'keu' (score: 5.199264997431606)
[95]: 'keu' (score: 5.199264997431606)
[96]: 'keu' (score: 5.199264997431606)
[97]: 'keu' (score: 5.199264997431606)
[98]: 'kde' (score: 0.05894122082815836)
[99]: 'jeu' (score: 0.1112998074240576)
2017-11-01 01:50:50 [VigenereDecryptor|vigenere_ga_decryptor.py] DEBUG: Generation number 15.
2017-11-01 01:50:50 [VigenereDecryptor|vigenere_ga_decryptor.py] DEBUG: Printing current population:
[0]: 'keu' (score: 5.199264997431606)
[1]: 'keu' (score: 5.199264997431606)
[2]: 'jdu' (score: 0.9499734563787902)
[3]: 'keu' (score: 5.199264997431606)
[4]: 'kur' (score: 0.02720096258356153)
[5]: 'jeu' (score: 0.1112998074240576)
[6]: 'keu' (score: 5.199264997431606)
[7]: 'keu' (score: 5.199264997431606)
[8]: 'kep' (score: 0.5478300835938369)
[9]: 'keu' (score: 5.199264997431606)
[10]: 'keu' (score: 5.199264997431606)
[11]: 'keu' (score: 5.199264997431606)
[12]: 'keu' (score: 5.199264997431606)
[13]: 'keu' (score: 5.199264997431606)
[14]: 'seu' (score: 0.06846759959084056)
[15]: 'keu' (score: 5.199264997431606)
[16]: 'jeu' (score: 0.1112998074240576)
[17]: 'kru' (score: 0.0710761778457949)
[18]: 'jet' (score: 0.7528350091745448)
[19]: 'keu' (score: 5.199264997431606)
[20]: 'xge' (score: 0.07879729760273041)
[21]: 'keu' (score: 5.199264997431606)
[22]: 'xew' (score: 0.14781013311333688)
[23]: 'keu' (score: 5.199264997431606)
[24]: 'cuu' (score: 0.11628877605686265)
[25]: 'jru' (score: 1.3700948198033143)
[26]: 'jet' (score: 0.7528350091745448)
[27]: 'keu' (score: 5.199264997431606)
[28]: 'keu' (score: 5.199264997431606)
[29]: 'keu' (score: 5.199264997431606)
[30]: 'keu' (score: 5.199264997431606)
[31]: 'keu' (score: 5.199264997431606)
[32]: 'keu' (score: 5.199264997431606)
[33]: 'keu' (score: 5.199264997431606)
[34]: 'knu' (score: 0.06786546445547166)
[35]: 'keu' (score: 5.199264997431606)
[36]: 'keu' (score: 5.199264997431606)
[37]: 'keu' (score: 5.199264997431606)
[38]: 'keu' (score: 5.199264997431606)
[39]: 'keu' (score: 5.199264997431606)
[40]: 'kee' (score: 1.4984477975457295)
[41]: 'keu' (score: 5.199264997431606)
[42]: 'kxd' (score: 1.5156077647425528)
[43]: 'keu' (score: 5.199264997431606)
[44]: 'oeh' (score: 0.06993716948173462)
[45]: 'xeu' (score: 0.7053133820558994)
[46]: 'keu' (score: 5.199264997431606)
[47]: 'keu' (score: 5.199264997431606)
[48]: 'ced' (score: 0.06986298818984583)
[49]: 'keu' (score: 5.199264997431606)
[50]: 'keu' (score: 5.199264997431606)
[51]: 'keu' (score: 5.199264997431606)
[52]: 'xet' (score: 0.07967550963883815)
[53]: 'keu' (score: 5.199264997431606)
[54]: 'xmu' (score: 0.04842165760715405)
[55]: 'keu' (score: 5.199264997431606)
[56]: 'keu' (score: 5.199264997431606)
[57]: 'keu' (score: 5.199264997431606)
[58]: 'heu' (score: 0.11768182544308195)
[59]: 'keu' (score: 5.199264997431606)
[60]: 'keu' (score: 5.199264997431606)
[61]: 'keu' (score: 5.199264997431606)
[62]: 'keu' (score: 5.199264997431606)
[63]: 'keu' (score: 5.199264997431606)
[64]: 'kdq' (score: 0.08371537716727646)
[65]: 'keu' (score: 5.199264997431606)
[66]: 'keu' (score: 5.199264997431606)
[67]: 'keu' (score: 5.199264997431606)
[68]: 'keu' (score: 5.199264997431606)
[69]: 'keu' (score: 5.199264997431606)
[70]: 'krd' (score: 0.09479122606313417)
[71]: 'jee' (score: 0.7931124121292654)
[72]: 'keu' (score: 5.199264997431606)
[73]: 'keu' (score: 5.199264997431606)
[74]: 'keu' (score: 5.199264997431606)
[75]: 'keu' (score: 5.199264997431606)
[76]: 'keu' (score: 5.199264997431606)
[77]: 'keu' (score: 5.199264997431606)
[78]: 'ned' (score: 0.08530429097967747)
[79]: 'heu' (score: 0.11768182544308195)
[80]: 'keu' (score: 5.199264997431606)
[81]: 'keu' (score: 5.199264997431606)
[82]: 'xew' (score: 0.14781013311333688)
[83]: 'keu' (score: 5.199264997431606)
[84]: 'kxw' (score: 0.04147947187223283)
[85]: 'keu' (score: 5.199264997431606)
[86]: 'kdd' (score: 0.049615997329296946)
[87]: 'keu' (score: 5.199264997431606)
[88]: 'kcu' (score: 0.0942127377687608)
[89]: 'keu' (score: 5.199264997431606)
[90]: 'keu' (score: 5.199264997431606)
[91]: 'keu' (score: 5.199264997431606)
[92]: 'kej' (score: 0.13619107243088419)
[93]: 'keu' (score: 5.199264997431606)
[94]: 'keu' (score: 5.199264997431606)
[95]: 'keu' (score: 5.199264997431606)
[96]: 'oxu' (score: 0.08129620961334424)
[97]: 'keu' (score: 5.199264997431606)
[98]: 'bxu' (score: 0.12505579691396299)
[99]: 'keu' (score: 5.199264997431606)
2017-11-01 01:51:05 [VigenereDecryptor|vigenere_ga_decryptor.py] DEBUG: Generation number 16.
2017-11-01 01:51:05 [VigenereDecryptor|vigenere_ga_decryptor.py] DEBUG: Printing current population:
[0]: 'keu' (score: 5.199264997431606)
[1]: 'keu' (score: 5.199264997431606)
[2]: 'bxu' (score: 0.12505579691396299)
[3]: 'keu' (score: 5.199264997431606)
[4]: 'keu' (score: 5.199264997431606)
[5]: 'keu' (score: 5.199264997431606)
[6]: 'keu' (score: 5.199264997431606)
[7]: 'keu' (score: 5.199264997431606)
[8]: 'keu' (score: 5.199264997431606)
[9]: 'keu' (score: 5.199264997431606)
[10]: 'keu' (score: 5.199264997431606)
[11]: 'keu' (score: 5.199264997431606)
[12]: 'xmu' (score: 0.04842165760715405)
[13]: 'keu' (score: 5.199264997431606)
[14]: 'keu' (score: 5.199264997431606)
[15]: 'keu' (score: 5.199264997431606)
[16]: 'kdu' (score: 0.19151508894337357)
[17]: 'jeu' (score: 0.1112998074240576)
[18]: 'kfu' (score: 0.09695998143618793)
[19]: 'jqu' (score: 0.06280169332086885)
[20]: 'keu' (score: 5.199264997431606)
[21]: 'keu' (score: 5.199264997431606)
[22]: 'bau' (score: 0.06632518928053897)
[23]: 'keu' (score: 5.199264997431606)
[24]: 'cet' (score: 0.09567212490216061)
[25]: 'keu' (score: 5.199264997431606)
[26]: 'keu' (score: 5.199264997431606)
[27]: 'keu' (score: 5.199264997431606)
[28]: 'keu' (score: 5.199264997431606)
[29]: 'keu' (score: 5.199264997431606)
[30]: 'keu' (score: 5.199264997431606)
[31]: 'keu' (score: 5.199264997431606)
[32]: 'cmu' (score: 0.0340025391176375)
[33]: 'keu' (score: 5.199264997431606)
[34]: 'ieu' (score: 0.7082259423928935)
[35]: 'kee' (score: 1.4984477975457295)
[36]: 'kut' (score: 0.05327174836855697)
[37]: 'keu' (score: 5.199264997431606)
[38]: 'keu' (score: 5.199264997431606)
[39]: 'keu' (score: 5.199264997431606)
[40]: 'oen' (score: 0.5400320271002972)
[41]: 'keu' (score: 5.199264997431606)
[42]: 'keu' (score: 5.199264997431606)
[43]: 'keu' (score: 5.199264997431606)
[44]: 'kcu' (score: 0.0942127377687608)
[45]: 'keu' (score: 5.199264997431606)
[46]: 'keu' (score: 5.199264997431606)
[47]: 'keu' (score: 5.199264997431606)
[48]: 'ddu' (score: 0.12723209763276488)
[49]: 'keu' (score: 5.199264997431606)
[50]: 'keu' (score: 5.199264997431606)
[51]: 'keu' (score: 5.199264997431606)
[52]: 'kut' (score: 0.05327174836855697)
[53]: 'keu' (score: 5.199264997431606)
[54]: 'krw' (score: 0.05978438712954387)
[55]: 'kxd' (score: 1.5156077647425528)
[56]: 'keu' (score: 5.199264997431606)
[57]: 'keu' (score: 5.199264997431606)
[58]: 'keu' (score: 5.199264997431606)
[59]: 'keu' (score: 5.199264997431606)
[60]: 'keu' (score: 5.199264997431606)
[61]: 'keu' (score: 5.199264997431606)
[62]: 'keu' (score: 5.199264997431606)
[63]: 'keu' (score: 5.199264997431606)
[64]: 'keu' (score: 5.199264997431606)
[65]: 'keu' (score: 5.199264997431606)
[66]: 'keu' (score: 5.199264997431606)
[67]: 'keu' (score: 5.199264997431606)
[68]: 'jxu' (score: 0.06541036066622713)
[69]: 'keu' (score: 5.199264997431606)
[70]: 'keu' (score: 5.199264997431606)
[71]: 'keu' (score: 5.199264997431606)
[72]: 'beu' (score: 0.14298884075416943)
[73]: 'keu' (score: 5.199264997431606)
[74]: 'keu' (score: 5.199264997431606)
[75]: 'keu' (score: 5.199264997431606)
[76]: 'keu' (score: 5.199264997431606)
[77]: 'keu' (score: 5.199264997431606)
[78]: 'keu' (score: 5.199264997431606)
[79]: 'keu' (score: 5.199264997431606)
[80]: 'kee' (score: 1.4984477975457295)
[81]: 'jee' (score: 0.7931124121292654)
[82]: 'jew' (score: 0.12085203258650581)
[83]: 'keu' (score: 5.199264997431606)
[84]: 'keu' (score: 5.199264997431606)
[85]: 'keu' (score: 5.199264997431606)
[86]: 'kev' (score: 0.15225540285514225)
[87]: 'keu' (score: 5.199264997431606)
[88]: 'keu' (score: 5.199264997431606)
[89]: 'keu' (score: 5.199264997431606)
[90]: 'jmu' (score: 0.8164714828786039)
[91]: 'keu' (score: 5.199264997431606)
[92]: 'dew' (score: 1.300307895850988)
[93]: 'keu' (score: 5.199264997431606)
[94]: 'kat' (score: 0.8753991945317058)
[95]: 'keu' (score: 5.199264997431606)
[96]: 'kcu' (score: 0.0942127377687608)
[97]: 'keu' (score: 5.199264997431606)
[98]: 'oxu' (score: 0.08129620961334424)
[99]: 'keu' (score: 5.199264997431606)
2017-11-01 01:51:19 [VigenereDecryptor|vigenere_ga_decryptor.py] DEBUG: Generation number 17.
2017-11-01 01:51:19 [VigenereDecryptor|vigenere_ga_decryptor.py] DEBUG: Printing current population:
[0]: 'keu' (score: 5.199264997431606)
[1]: 'keu' (score: 5.199264997431606)
[2]: 'iet' (score: 1.488376316531855)
[3]: 'keu' (score: 5.199264997431606)
[4]: 'keu' (score: 5.199264997431606)
[5]: 'keu' (score: 5.199264997431606)
[6]: 'keu' (score: 5.199264997431606)
[7]: 'keu' (score: 5.199264997431606)
[8]: 'kdh' (score: 0.7560381272232641)
[9]: 'keu' (score: 5.199264997431606)
[10]: 'kep' (score: 0.5478300835938369)
[11]: 'keu' (score: 5.199264997431606)
[12]: 'keu' (score: 5.199264997431606)
[13]: 'keu' (score: 5.199264997431606)
[14]: 'kcu' (score: 0.0942127377687608)
[15]: 'keu' (score: 5.199264997431606)
[16]: 'kad' (score: 0.057406473605428665)
[17]: 'keu' (score: 5.199264997431606)
[18]: 'keu' (score: 5.199264997431606)
[19]: 'keu' (score: 5.199264997431606)
[20]: 'keu' (score: 5.199264997431606)
[21]: 'keu' (score: 5.199264997431606)
[22]: 'kgn' (score: 0.7001501519930686)
[23]: 'keu' (score: 5.199264997431606)
[24]: 'keu' (score: 5.199264997431606)
[25]: 'keu' (score: 5.199264997431606)
[26]: 'keu' (score: 5.199264997431606)
[27]: 'keu' (score: 5.199264997431606)
[28]: 'keu' (score: 5.199264997431606)
[29]: 'keu' (score: 5.199264997431606)
[30]: 'keh' (score: 0.735098968719833)
[31]: 'keu' (score: 5.199264997431606)
[32]: 'keu' (score: 5.199264997431606)
[33]: 'keu' (score: 5.199264997431606)
[34]: 'kdn' (score: 0.07037142949466324)
[35]: 'keu' (score: 5.199264997431606)
[36]: 'keu' (score: 5.199264997431606)
[37]: 'keu' (score: 5.199264997431606)
[38]: 'keu' (score: 5.199264997431606)
[39]: 'keu' (score: 5.199264997431606)
[40]: 'keu' (score: 5.199264997431606)
[41]: 'keu' (score: 5.199264997431606)
[42]: 'keu' (score: 5.199264997431606)
[43]: 'keu' (score: 5.199264997431606)
[44]: 'keu' (score: 5.199264997431606)
[45]: 'keu' (score: 5.199264997431606)
[46]: 'geu' (score: 0.0763832823140679)
[47]: 'keu' (score: 5.199264997431606)
[48]: 'duu' (score: 0.06390218640255149)
[49]: 'keu' (score: 5.199264997431606)
[50]: 'geu' (score: 0.0763832823140679)
[51]: 'keu' (score: 5.199264997431606)
[52]: 'kxt' (score: 0.1199842272848391)
[53]: 'keu' (score: 5.199264997431606)
[54]: 'keu' (score: 5.199264997431606)
[55]: 'keu' (score: 5.199264997431606)
[56]: 'keu' (score: 5.199264997431606)
[57]: 'keu' (score: 5.199264997431606)
[58]: 'keu' (score: 5.199264997431606)
[59]: 'keu' (score: 5.199264997431606)
[60]: 'kgh' (score: 0.708710074608093)
[61]: 'keu' (score: 5.199264997431606)
[62]: 'beh' (score: 0.06521893740125057)
[63]: 'keu' (score: 5.199264997431606)
[64]: 'krd' (score: 0.09479122606313417)
[65]: 'kee' (score: 1.4984477975457295)
[66]: 'cdu' (score: 0.8552014036393717)
[67]: 'keu' (score: 5.199264997431606)
[68]: 'knu' (score: 0.06786546445547166)
[69]: 'keu' (score: 5.199264997431606)
[70]: 'keu' (score: 5.199264997431606)
[71]: 'keu' (score: 5.199264997431606)
[72]: 'keu' (score: 5.199264997431606)
[73]: 'keu' (score: 5.199264997431606)
[74]: 'keu' (score: 5.199264997431606)
[75]: 'keu' (score: 5.199264997431606)
[76]: 'keu' (score: 5.199264997431606)
[77]: 'keu' (score: 5.199264997431606)
[78]: 'kmh' (score: 1.1771099483022223)
[79]: 'keu' (score: 5.199264997431606)
[80]: 'keu' (score: 5.199264997431606)
[81]: 'keu' (score: 5.199264997431606)
[82]: 'neu' (score: 0.13699634529484633)
[83]: 'keu' (score: 5.199264997431606)
[84]: 'jee' (score: 0.7931124121292654)
[85]: 'keu' (score: 5.199264997431606)
[86]: 'kev' (score: 0.15225540285514225)
[87]: 'ieu' (score: 0.7082259423928935)
[88]: 'kgt' (score: 0.7206782604415705)
[89]: 'keu' (score: 5.199264997431606)
[90]: 'keu' (score: 5.199264997431606)
[91]: 'keu' (score: 5.199264997431606)
[92]: 'kdt' (score: 0.2119066535928942)
[93]: 'keu' (score: 5.199264997431606)
[94]: 'keu' (score: 5.199264997431606)
[95]: 'keu' (score: 5.199264997431606)
[96]: 'keu' (score: 5.199264997431606)
[97]: 'keu' (score: 5.199264997431606)
[98]: 'keu' (score: 5.199264997431606)
[99]: 'keu' (score: 5.199264997431606)
2017-11-01 01:51:33 [VigenereDecryptor|vigenere_ga_decryptor.py] DEBUG: Generation number 18.
2017-11-01 01:51:33 [VigenereDecryptor|vigenere_ga_decryptor.py] DEBUG: Printing current population:
[0]: 'keu' (score: 5.199264997431606)
[1]: 'keu' (score: 5.199264997431606)
[2]: 'heu' (score: 0.11768182544308195)
[3]: 'keu' (score: 5.199264997431606)
[4]: 'kcu' (score: 0.0942127377687608)
[5]: 'keu' (score: 5.199264997431606)
[6]: 'keu' (score: 5.199264997431606)
[7]: 'keu' (score: 5.199264997431606)
[8]: 'kiu' (score: 0.12233745665220702)
[9]: 'keu' (score: 5.199264997431606)
[10]: 'kat' (score: 0.8753991945317058)
[11]: 'keu' (score: 5.199264997431606)
[12]: 'jau' (score: 0.06597730192618564)
[13]: 'keu' (score: 5.199264997431606)
[14]: 'keu' (score: 5.199264997431606)
[15]: 'keu' (score: 5.199264997431606)
[16]: 'neu' (score: 0.13699634529484633)
[17]: 'keu' (score: 5.199264997431606)
[18]: 'kgh' (score: 0.708710074608093)
[19]: 'keu' (score: 5.199264997431606)
[20]: 'keu' (score: 5.199264997431606)
[21]: 'keu' (score: 5.199264997431606)
[22]: 'keu' (score: 5.199264997431606)
[23]: 'keu' (score: 5.199264997431606)
[24]: 'iet' (score: 1.488376316531855)
[25]: 'keu' (score: 5.199264997431606)
[26]: 'keu' (score: 5.199264997431606)
[27]: 'keu' (score: 5.199264997431606)
[28]: 'ken' (score: 0.13444753655775016)
[29]: 'keu' (score: 5.199264997431606)
[30]: 'ktu' (score: 0.09552854075908312)
[31]: 'keu' (score: 5.199264997431606)
[32]: 'keu' (score: 5.199264997431606)
[33]: 'keu' (score: 5.199264997431606)
[34]: 'keu' (score: 5.199264997431606)
[35]: 'keu' (score: 5.199264997431606)
[36]: 'xet' (score: 0.07967550963883815)
[37]: 'keu' (score: 5.199264997431606)
[38]: 'keu' (score: 5.199264997431606)
[39]: 'keu' (score: 5.199264997431606)
[40]: 'kep' (score: 0.5478300835938369)
[41]: 'keu' (score: 5.199264997431606)
[42]: 'keu' (score: 5.199264997431606)
[43]: 'keu' (score: 5.199264997431606)
[44]: 'jew' (score: 0.12085203258650581)
[45]: 'keu' (score: 5.199264997431606)
[46]: 'kfu' (score: 0.09695998143618793)
[47]: 'keu' (score: 5.199264997431606)
[48]: 'keu' (score: 5.199264997431606)
[49]: 'keu' (score: 5.199264997431606)
[50]: 'beh' (score: 0.06521893740125057)
[51]: 'keu' (score: 5.199264997431606)
[52]: 'oeq' (score: 0.7706959738046515)
[53]: 'keu' (score: 5.199264997431606)
[54]: 'jdu' (score: 0.9499734563787902)
[55]: 'keu' (score: 5.199264997431606)
[56]: 'jgu' (score: 0.054207673196253456)
[57]: 'kdh' (score: 0.7560381272232641)
[58]: 'keu' (score: 5.199264997431606)
[59]: 'keu' (score: 5.199264997431606)
[60]: 'kun' (score: 0.060085020473040096)
[61]: 'keu' (score: 5.199264997431606)
[62]: 'yeu' (score: 5.163271290109634)
[63]: 'keu' (score: 5.199264997431606)
[64]: 'kfu' (score: 0.09695998143618793)
[65]: 'keu' (score: 5.199264997431606)
[66]: 'iuu' (score: 0.043807330108346226)
[67]: 'keu' (score: 5.199264997431606)
[68]: 'keu' (score: 5.199264997431606)
[69]: 'keu' (score: 5.199264997431606)
[70]: 'kdt' (score: 0.2119066535928942)
[71]: 'keu' (score: 5.199264997431606)
[72]: 'keu' (score: 5.199264997431606)
[73]: 'keu' (score: 5.199264997431606)
[74]: 'keu' (score: 5.199264997431606)
[75]: 'keu' (score: 5.199264997431606)
[76]: 'keu' (score: 5.199264997431606)
[77]: 'keu' (score: 5.199264997431606)
[78]: 'keu' (score: 5.199264997431606)
[79]: 'keu' (score: 5.199264997431606)
[80]: 'keu' (score: 5.199264997431606)
[81]: 'keu' (score: 5.199264997431606)
[82]: 'keu' (score: 5.199264997431606)
[83]: 'keu' (score: 5.199264997431606)
[84]: 'keu' (score: 5.199264997431606)
[85]: 'keu' (score: 5.199264997431606)
[86]: 'geu' (score: 0.0763832823140679)
[87]: 'keu' (score: 5.199264997431606)
[88]: 'keu' (score: 5.199264997431606)
[89]: 'keu' (score: 5.199264997431606)
[90]: 'cdu' (score: 0.8552014036393717)
[91]: 'keu' (score: 5.199264997431606)
[92]: 'keu' (score: 5.199264997431606)
[93]: 'keu' (score: 5.199264997431606)
[94]: 'keu' (score: 5.199264997431606)
[95]: 'keu' (score: 5.199264997431606)
[96]: 'kmt' (score: 0.021659655950942127)
[97]: 'keu' (score: 5.199264997431606)
[98]: 'keu' (score: 5.199264997431606)
[99]: 'keu' (score: 5.199264997431606)
2017-11-01 01:51:48 [VigenereDecryptor|vigenere_ga_decryptor.py] DEBUG: Generation number 19.
2017-11-01 01:51:48 [VigenereDecryptor|vigenere_ga_decryptor.py] DEBUG: Printing current population:
[0]: 'kaw' (score: 0.04285636287204957)
[1]: 'keu' (score: 5.199264997431606)
[2]: 'keu' (score: 5.199264997431606)
[3]: 'keu' (score: 5.199264997431606)
[4]: 'keu' (score: 5.199264997431606)
[5]: 'keu' (score: 5.199264997431606)
[6]: 'bru' (score: 0.12586378582745678)
[7]: 'keu' (score: 5.199264997431606)
[8]: 'keu' (score: 5.199264997431606)
[9]: 'keu' (score: 5.199264997431606)
[10]: 'keu' (score: 5.199264997431606)
[11]: 'keu' (score: 5.199264997431606)
[12]: 'zeq' (score: 0.12725862972594582)
[13]: 'kdu' (score: 0.19151508894337357)
[14]: 'jed' (score: 0.8624991595653294)
[15]: 'keu' (score: 5.199264997431606)
[16]: 'keu' (score: 5.199264997431606)
[17]: 'keu' (score: 5.199264997431606)
[18]: 'odu' (score: 0.13475186560862987)
[19]: 'keu' (score: 5.199264997431606)
[20]: 'keu' (score: 5.199264997431606)
[21]: 'keu' (score: 5.199264997431606)
[22]: 'ked' (score: 0.8880571843529549)
[23]: 'keu' (score: 5.199264997431606)
[24]: 'keu' (score: 5.199264997431606)
[25]: 'keu' (score: 5.199264997431606)
[26]: 'juu' (score: 0.07184168503118275)
[27]: 'keu' (score: 5.199264997431606)
[28]: 'cdu' (score: 0.8552014036393717)
[29]: 'keu' (score: 5.199264997431606)
[30]: 'keu' (score: 5.199264997431606)
[31]: 'keu' (score: 5.199264997431606)
[32]: 'kej' (score: 0.13619107243088419)
[33]: 'keu' (score: 5.199264997431606)
[34]: 'oeq' (score: 0.7706959738046515)
[35]: 'keu' (score: 5.199264997431606)
[36]: 'keu' (score: 5.199264997431606)
[37]: 'keu' (score: 5.199264997431606)
[38]: 'kdt' (score: 0.2119066535928942)
[39]: 'keu' (score: 5.199264997431606)
[40]: 'kge' (score: 0.7123101936487779)
[41]: 'keu' (score: 5.199264997431606)
[42]: 'keu' (score: 5.199264997431606)
[43]: 'keu' (score: 5.199264997431606)
[44]: 'juu' (score: 0.07184168503118275)
[45]: 'keu' (score: 5.199264997431606)
[46]: 'kfu' (score: 0.09695998143618793)
[47]: 'keu' (score: 5.199264997431606)
[48]: 'keu' (score: 5.199264997431606)
[49]: 'keu' (score: 5.199264997431606)
[50]: 'heu' (score: 0.11768182544308195)
[51]: 'keu' (score: 5.199264997431606)
[52]: 'kmn' (score: 0.021477450931932505)
[53]: 'keu' (score: 5.199264997431606)
[54]: 'det' (score: 0.04166345952725823)
[55]: 'keu' (score: 5.199264997431606)
[56]: 'keu' (score: 5.199264997431606)
[57]: 'keu' (score: 5.199264997431606)
[58]: 'keu' (score: 5.199264997431606)
[59]: 'keu' (score: 5.199264997431606)
[60]: 'keu' (score: 5.199264997431606)
[61]: 'keu' (score: 5.199264997431606)
[62]: 'bee' (score: 0.7176009401205895)
[63]: 'keu' (score: 5.199264997431606)
[64]: 'iuu' (score: 0.043807330108346226)
[65]: 'keu' (score: 5.199264997431606)
[66]: 'krw' (score: 0.05978438712954387)
[67]: 'keu' (score: 5.199264997431606)
[68]: 'jee' (score: 0.7931124121292654)
[69]: 'keu' (score: 5.199264997431606)
[70]: 'kuh' (score: 0.08499036523017539)
[71]: 'keu' (score: 5.199264997431606)
[72]: 'ieu' (score: 0.7082259423928935)
[73]: 'keu' (score: 5.199264997431606)
[74]: 'keu' (score: 5.199264997431606)
[75]: 'keu' (score: 5.199264997431606)
[76]: 'keu' (score: 5.199264997431606)
[77]: 'keu' (score: 5.199264997431606)
[78]: 'keu' (score: 5.199264997431606)
[79]: 'keu' (score: 5.199264997431606)
[80]: 'oxu' (score: 0.08129620961334424)
[81]: 'keu' (score: 5.199264997431606)
[82]: 'krd' (score: 0.09479122606313417)
[83]: 'keu' (score: 5.199264997431606)
[84]: 'keu' (score: 5.199264997431606)
[85]: 'keu' (score: 5.199264997431606)
[86]: 'keu' (score: 5.199264997431606)
[87]: 'keu' (score: 5.199264997431606)
[88]: 'kep' (score: 0.5478300835938369)
[89]: 'keu' (score: 5.199264997431606)
[90]: 'idu' (score: 0.08654727209399991)
[91]: 'keu' (score: 5.199264997431606)
[92]: 'xad' (score: 0.05213495155668564)
[93]: 'ket' (score: 0.1771299133607783)
[94]: 'keh' (score: 0.735098968719833)
[95]: 'keu' (score: 5.199264997431606)
[96]: 'keu' (score: 5.199264997431606)
[97]: 'keu' (score: 5.199264997431606)
[98]: 'beu' (score: 0.14298884075416943)
[99]: 'keu' (score: 5.199264997431606)
2017-11-01 01:52:03 [VigenereDecryptor|vigenere_ga_decryptor.py] DEBUG: Generation number 20.
2017-11-01 01:52:03 [VigenereDecryptor|vigenere_ga_decryptor.py] DEBUG: Printing current population:
[0]: 'jdu' (score: 0.9499734563787902)
[1]: 'kuu' (score: 0.08209108875022919)
[2]: 'keu' (score: 5.199264997431606)
[3]: 'keu' (score: 5.199264997431606)
[4]: 'kzu' (score: 0.5719909198368178)
[5]: 'keu' (score: 5.199264997431606)
[6]: 'geu' (score: 0.0763832823140679)
[7]: 'keu' (score: 5.199264997431606)
[8]: 'cmu' (score: 0.0340025391176375)
[9]: 'keu' (score: 5.199264997431606)
[10]: 'keu' (score: 5.199264997431606)
[11]: 'keu' (score: 5.199264997431606)
[12]: 'kds' (score: 0.06241436241627472)
[13]: 'oeu' (score: 0.1446850944421738)
[14]: 'bee' (score: 0.7176009401205895)
[15]: 'keu' (score: 5.199264997431606)
[16]: 'keu' (score: 5.199264997431606)
[17]: 'keu' (score: 5.199264997431606)
[18]: 'kzu' (score: 0.5719909198368178)
[19]: 'keu' (score: 5.199264997431606)
[20]: 'kde' (score: 0.05894122082815836)
[21]: 'keu' (score: 5.199264997431606)
[22]: 'keu' (score: 5.199264997431606)
[23]: 'keu' (score: 5.199264997431606)
[24]: 'keg' (score: 0.08664840051764952)
[25]: 'keu' (score: 5.199264997431606)
[26]: 'keu' (score: 5.199264997431606)
[27]: 'keu' (score: 5.199264997431606)
[28]: 'keu' (score: 5.199264997431606)
[29]: 'keu' (score: 5.199264997431606)
[30]: 'oru' (score: 0.13790162665020875)
[31]: 'keu' (score: 5.199264997431606)
[32]: 'keu' (score: 5.199264997431606)
[33]: 'keu' (score: 5.199264997431606)
[34]: 'iew' (score: 0.7116589998275122)
[35]: 'keu' (score: 5.199264997431606)
[36]: 'bee' (score: 0.7176009401205895)
[37]: 'keu' (score: 5.199264997431606)
[38]: 'kdn' (score: 0.07037142949466324)
[39]: 'keu' (score: 5.199264997431606)
[40]: 'jee' (score: 0.7931124121292654)
[41]: 'keu' (score: 5.199264997431606)
[42]: 'krt' (score: 0.7013754379833834)
[43]: 'keu' (score: 5.199264997431606)
[44]: 'keu' (score: 5.199264997431606)
[45]: 'keu' (score: 5.199264997431606)
[46]: 'keu' (score: 5.199264997431606)
[47]: 'keu' (score: 5.199264997431606)
[48]: 'ben' (score: 0.8880197653850284)
[49]: 'keu' (score: 5.199264997431606)
[50]: 'keu' (score: 5.199264997431606)
[51]: 'keu' (score: 5.199264997431606)
[52]: 'keu' (score: 5.199264997431606)
[53]: 'keu' (score: 5.199264997431606)
[54]: 'seu' (score: 0.06846759959084056)
[55]: 'keu' (score: 5.199264997431606)
[56]: 'kdt' (score: 0.2119066535928942)
[57]: 'keu' (score: 5.199264997431606)
[58]: 'keu' (score: 5.199264997431606)
[59]: 'keu' (score: 5.199264997431606)
[60]: 'keu' (score: 5.199264997431606)
[61]: 'keu' (score: 5.199264997431606)
[62]: 'keu' (score: 5.199264997431606)
[63]: 'keu' (score: 5.199264997431606)
[64]: 'ktu' (score: 0.09552854075908312)
[65]: 'keu' (score: 5.199264997431606)
[66]: 'kat' (score: 0.8753991945317058)
[67]: 'keu' (score: 5.199264997431606)
[68]: 'kgt' (score: 0.7206782604415705)
[69]: 'keu' (score: 5.199264997431606)
[70]: 'xeu' (score: 0.7053133820558994)
[71]: 'keu' (score: 5.199264997431606)
[72]: 'cdu' (score: 0.8552014036393717)
[73]: 'keu' (score: 5.199264997431606)
[74]: 'ied' (score: 0.05032105056475568)
[75]: 'keu' (score: 5.199264997431606)
[76]: 'bdu' (score: 0.14715049417530182)
[77]: 'keu' (score: 5.199264997431606)
[78]: 'duu' (score: 0.06390218640255149)
[79]: 'keu' (score: 5.199264997431606)
[80]: 'keu' (score: 5.199264997431606)
[81]: 'ket' (score: 0.1771299133607783)
[82]: 'keu' (score: 5.199264997431606)
[83]: 'keu' (score: 5.199264997431606)
[84]: 'meu' (score: 0.09183724484437648)
[85]: 'keu' (score: 5.199264997431606)
[86]: 'kme' (score: 0.5256680947564695)
[87]: 'keu' (score: 5.199264997431606)
[88]: 'keu' (score: 5.199264997431606)
[89]: 'keu' (score: 5.199264997431606)
[90]: 'keu' (score: 5.199264997431606)
[91]: 'keu' (score: 5.199264997431606)
[92]: 'kgt' (score: 0.7206782604415705)
[93]: 'keu' (score: 5.199264997431606)
[94]: 'keu' (score: 5.199264997431606)
[95]: 'keu' (score: 5.199264997431606)
[96]: 'kdd' (score: 0.049615997329296946)
[97]: 'keu' (score: 5.199264997431606)
[98]: 'ded' (score: 0.03961218456349529)
[99]: 'keu' (score: 5.199264997431606)
2017-11-01 01:52:18 [VigenereDecryptor|vigenere_ga_decryptor.py] DEBUG: Generation number 21.
2017-11-01 01:52:19 [VigenereDecryptor|vigenere_ga_decryptor.py] DEBUG: Printing current population:
[0]: 'keu' (score: 5.199264997431606)
[1]: 'keu' (score: 5.199264997431606)
[2]: 'keu' (score: 5.199264997431606)
[3]: 'keu' (score: 5.199264997431606)
[4]: 'kun' (score: 0.060085020473040096)
[5]: 'keu' (score: 5.199264997431606)
[6]: 'jdu' (score: 0.9499734563787902)
[7]: 'keu' (score: 5.199264997431606)
[8]: 'beu' (score: 0.14298884075416943)
[9]: 'keu' (score: 5.199264997431606)
[10]: 'keu' (score: 5.199264997431606)
[11]: 'keu' (score: 5.199264997431606)
[12]: 'keu' (score: 5.199264997431606)
[13]: 'keu' (score: 5.199264997431606)
[14]: 'keu' (score: 5.199264997431606)
[15]: 'keu' (score: 5.199264997431606)
[16]: 'keu' (score: 5.199264997431606)
[17]: 'keu' (score: 5.199264997431606)
[18]: 'kep' (score: 0.5478300835938369)
[19]: 'keu' (score: 5.199264997431606)
[20]: 'keu' (score: 5.199264997431606)
[21]: 'keu' (score: 5.199264997431606)
[22]: 'keu' (score: 5.199264997431606)
[23]: 'keu' (score: 5.199264997431606)
[24]: 'keu' (score: 5.199264997431606)
[25]: 'keu' (score: 5.199264997431606)
[26]: 'keu' (score: 5.199264997431606)
[27]: 'keu' (score: 5.199264997431606)
[28]: 'keu' (score: 5.199264997431606)
[29]: 'keu' (score: 5.199264997431606)
[30]: 'keu' (score: 5.199264997431606)
[31]: 'keu' (score: 5.199264997431606)
[32]: 'keu' (score: 5.199264997431606)
[33]: 'keu' (score: 5.199264997431606)
[34]: 'keu' (score: 5.199264997431606)
[35]: 'keu' (score: 5.199264997431606)
[36]: 'bet' (score: 0.6123575365054257)
[37]: 'keu' (score: 5.199264997431606)
[38]: 'keu' (score: 5.199264997431606)
[39]: 'keu' (score: 5.199264997431606)
[40]: 'keu' (score: 5.199264997431606)
[41]: 'keu' (score: 5.199264997431606)
[42]: 'keu' (score: 5.199264997431606)
[43]: 'keu' (score: 5.199264997431606)
[44]: 'keu' (score: 5.199264997431606)
[45]: 'keu' (score: 5.199264997431606)
[46]: 'keu' (score: 5.199264997431606)
[47]: 'keu' (score: 5.199264997431606)
[48]: 'ked' (score: 0.8880571843529549)
[49]: 'bev' (score: 0.7050538431489711)
[50]: 'keu' (score: 5.199264997431606)
[51]: 'keu' (score: 5.199264997431606)
[52]: 'keu' (score: 5.199264997431606)
[53]: 'keu' (score: 5.199264997431606)
[54]: 'keu' (score: 5.199264997431606)
[55]: 'keu' (score: 5.199264997431606)
[56]: 'kdq' (score: 0.08371537716727646)
[57]: 'keu' (score: 5.199264997431606)
[58]: 'keu' (score: 5.199264997431606)
[59]: 'keu' (score: 5.199264997431606)
[60]: 'keh' (score: 0.735098968719833)
[61]: 'keu' (score: 5.199264997431606)
[62]: 'keu' (score: 5.199264997431606)
[63]: 'keu' (score: 5.199264997431606)
[64]: 'keu' (score: 5.199264997431606)
[65]: 'keu' (score: 5.199264997431606)
[66]: 'key' (score: 15.130608325015826)
[67]: 'keu' (score: 5.199264997431606)
[68]: 'jee' (score: 0.7931124121292654)
[69]: 'keu' (score: 5.199264997431606)
[70]: 'keu' (score: 5.199264997431606)
[71]: 'ceu' (score: 0.8456025739529466)
[72]: 'jxu' (score: 0.06541036066622713)
[73]: 'keu' (score: 5.199264997431606)
[74]: 'oxu' (score: 0.08129620961334424)
[75]: 'keu' (score: 5.199264997431606)
[76]: 'keu' (score: 5.199264997431606)
[77]: 'keu' (score: 5.199264997431606)
[78]: 'keu' (score: 5.199264997431606)
[79]: 'keu' (score: 5.199264997431606)
[80]: 'keu' (score: 5.199264997431606)
[81]: 'keu' (score: 5.199264997431606)
[82]: 'duu' (score: 0.06390218640255149)
[83]: 'keu' (score: 5.199264997431606)
[84]: 'keu' (score: 5.199264997431606)
[85]: 'keu' (score: 5.199264997431606)
[86]: 'jet' (score: 0.7528350091745448)
[87]: 'keu' (score: 5.199264997431606)
[88]: 'keu' (score: 5.199264997431606)
[89]: 'keu' (score: 5.199264997431606)
[90]: 'keu' (score: 5.199264997431606)
[91]: 'jdu' (score: 0.9499734563787902)
[92]: 'jdu' (score: 0.9499734563787902)
[93]: 'jeu' (score: 0.1112998074240576)
[94]: 'kau' (score: 0.62075758264076)
[95]: 'ket' (score: 0.1771299133607783)
[96]: 'keu' (score: 5.199264997431606)
[97]: 'keu' (score: 5.199264997431606)
[98]: 'meu' (score: 0.09183724484437648)
[99]: 'keu' (score: 5.199264997431606)
2017-11-01 01:52:19 [VigenereDecryptor|vigenere_ga_decryptor.py] INFO: Fittest member from all generations is: 'key' (score: 15.130608325015826, from generation: 21)
2017-11-01 01:52:19 [VigenereDecryptor|vigenere_ga_decryptor.py] INFO: Final key: member: key, fitness_score: 15.130608325015826, generation: 21, key_len: 3, reached_threshold: True.
2017-11-01 01:52:19 [VigenereDecryptor|vigenere_ga_decryptor.py] INFO: Final plaintext: Anyone who reads Middle English literary
