2017-10-30 16:49:04 [VigenereDecryptor|vigenere_ga_decryptor.py] INFO: Trying key length: 3
2017-10-30 16:49:04 [VigenereDecryptor|vigenere_ga_decryptor.py] INFO: Evolution started
2017-10-30 16:49:05 [VigenereDecryptor|vigenere_ga_decryptor.py] DEBUG: Generation number 1.
2017-10-30 16:49:05 [VigenereDecryptor|vigenere_ga_decryptor.py] DEBUG: Printing current population:
[0]: 'qnr' (score: 0.511537041735794)
[1]: 'bxj' (score: 1.561249981316646)
[2]: 'zwg' (score: 0.012392566624888142)
[3]: 'bcn' (score: 1.029746053402019)
[4]: 'fpr' (score: 0.9487283041225886)
[5]: 'ljb' (score: 0.5094465758346945)
[6]: 'fvd' (score: 0.4760507865410611)
[7]: 'cjr' (score: 0.3966793070964225)
[8]: 'cby' (score: 0.6189530411159457)
[9]: 'qcw' (score: 0.029163143623864417)
[10]: 'asp' (score: 0.38750130248720904)
[11]: 'gry' (score: 1.0091573714367548)
[12]: 'xbi' (score: 0.03853487850846832)
[13]: 'dsx' (score: 2.028333060658328)
[14]: 'dgt' (score: 0.513659633349814)
[15]: 'qzc' (score: 0.5420937549427738)
[16]: 'swh' (score: 0.021101429397631672)
[17]: 'dfq' (score: 0.025604421510870237)
[18]: 'iay' (score: 1.506005197937463)
[19]: 'jar' (score: 0.9957541547317142)
[20]: 'php' (score: 2.5116612756273544)
[21]: 'vpp' (score: 0.43966336830398944)
[22]: 'hfq' (score: 1.1131065893748031)
[23]: 'vej' (score: 0.6365410634905074)
[24]: 'glk' (score: 0.9392174920018187)
[25]: 'kea' (score: 1.0494302421733392)
[26]: 'tsf' (score: 4.071186471074782)
[27]: 'hhr' (score: 0.11262040529595205)
[28]: 'ycv' (score: 1.9766681644961512)
[29]: 'xqz' (score: 0.023664713324362912)
2017-10-30 16:49:06 [VigenereDecryptor|vigenere_ga_decryptor.py] DEBUG: Generation number 2.
2017-10-30 16:49:06 [VigenereDecryptor|vigenere_ga_decryptor.py] DEBUG: Printing current population:
[0]: 'dcq' (score: 0.39195226586315407)
[1]: 'hfx' (score: 0.884391282111695)
[2]: 'eay' (score: 0.4831537908586171)
[3]: 'hsx' (score: 0.026696301982731922)
[4]: 'ccf' (score: 0.015815090047377755)
[5]: 'try' (score: 1.4869902360461256)
[6]: 'jab' (score: 0.6273586675598348)
[7]: 'kea' (score: 1.0494302421733392)
[8]: 'tit' (score: 0.047293698236839876)
[9]: 'fsf' (score: 1.238814307482744)
[10]: 'vxf' (score: 1.2096710267398443)
[11]: 'tsj' (score: 0.8870995069609119)
[12]: 'dsx' (score: 2.028333060658328)
[13]: 'dgt' (score: 0.513659633349814)
[14]: 'bfv' (score: 1.183711699123095)
[15]: 'yyj' (score: 2.9396796908485654)
[16]: 'kec' (score: 0.48316974408756924)
[17]: 'vej' (score: 0.6365410634905074)
[18]: 'qtr' (score: 0.44576878534046344)
[19]: 'fzc' (score: 0.42690326051018934)
[20]: 'chp' (score: 0.04099651107089182)
[21]: 'pby' (score: 0.6346646706724628)
[22]: 'dsz' (score: 0.026549226219902626)
[23]: 'fpx' (score: 0.4338241410527893)
[24]: 'yhj' (score: 0.581766030255693)
[25]: 'bxp' (score: 2.9111565605408187)
[26]: 'uzc' (score: 1.1000366219242113)
[27]: 'psf' (score: 2.018310760397079)
[28]: 'kea' (score: 1.0494302421733392)
[29]: 'dsx' (score: 2.028333060658328)
2017-10-30 16:49:08 [VigenereDecryptor|vigenere_ga_decryptor.py] DEBUG: Generation number 3.
2017-10-30 16:49:08 [VigenereDecryptor|vigenere_ga_decryptor.py] DEBUG: Printing current population:
[0]: 'dzk' (score: 0.3935057926442706)
[1]: 'usx' (score: 0.021883502506264647)
[2]: 'fbj' (score: 1.0904082621726519)
[3]: 'yzc' (score: 0.05617739477431384)
[4]: 'key' (score: 8.00720516541086)
[5]: 'fsg' (score: 0.9427503043125663)
[6]: 'tsi' (score: 1.2109189670792957)
[7]: 'keb' (score: 1.0276983848675183)
[8]: 'bxf' (score: 1.1651712694038874)
[9]: 'psp' (score: 0.5082679395308977)
[10]: 'uzj' (score: 1.545892394148448)
[11]: 'vec' (score: 0.5941659136360778)
[12]: 'hfp' (score: 0.021146852336501605)
[13]: 'bxx' (score: 4.184308864298722)
[14]: 'dev' (score: 0.48044687245365936)
[15]: 'psc' (score: 0.015729203020328947)
[16]: 'fpq' (score: 0.5312469842571567)
[17]: 'psf' (score: 2.018310760397079)
[18]: 'ypj' (score: 1.9054135283941298)
[19]: 'tyj' (score: 0.4401784220099209)
[20]: 'try' (score: 1.4869902360461256)
[21]: 'bxp' (score: 2.9111565605408187)
[22]: 'pbq' (score: 0.5183809384956255)
[23]: 'psf' (score: 2.018310760397079)
[24]: 'dsx' (score: 2.028333060658328)
[25]: 'dsx' (score: 2.028333060658328)
[26]: 'bqh' (score: 0.8828883931393245)
[27]: 'ehp' (score: 0.4358270932707853)
[28]: 'usf' (score: 1.3294471772903067)
[29]: 'fzc' (score: 0.42690326051018934)
2017-10-30 16:49:08 [VigenereDecryptor|vigenere_ga_decryptor.py] INFO: Fittest member from all generations is: 'key' (score: 8.00720516541086, from generation: 3)
2017-10-30 16:49:08 [VigenereDecryptor|vigenere_ga_decryptor.py] INFO: Final key: member: key, fitness_score: 8.00720516541086, generation: 3, key_len: 3, reached_threshold: True.
2017-10-30 16:49:08 [VigenereDecryptor|vigenere_ga_decryptor.py] INFO: Final plaintext: Anyone who reads Middle English literary
